Started GET "/" for 127.0.0.1 at 2019-03-04 23:23:49 +0000
Processing by HomepageController#home as HTML
  Rendering homepage/home.html.erb within layouts/application
  Rendered homepage/home.html.erb within layouts/application (2.1ms)
Completed 200 OK in 1224ms (Views: 1221.7ms | ActiveRecord: 0.0ms)


Started GET "/" for 127.0.0.1 at 2019-03-04 23:26:40 +0000
Processing by HomepageController#home as HTML
  Rendering homepage/home.html.erb within layouts/application
  Rendered homepage/home.html.erb within layouts/application (0.3ms)
Completed 200 OK in 27ms (Views: 25.9ms | ActiveRecord: 0.0ms)


Started GET "/" for 127.0.0.1 at 2019-03-10 18:58:35 +0000
Processing by HomepageController#home as HTML
  Rendering homepage/home.html.erb within layouts/application
  Rendered homepage/home.html.erb within layouts/application (1.0ms)
Completed 200 OK in 188ms (Views: 186.7ms | ActiveRecord: 0.0ms)


Started GET "/" for 127.0.0.1 at 2019-03-10 19:06:44 +0000
Processing by HomepageController#home as HTML
  Rendering homepage/home.html.erb within layouts/application
  Rendered homepage/home.html.erb within layouts/application (0.7ms)
Completed 200 OK in 178ms (Views: 176.6ms | ActiveRecord: 0.0ms)


Started GET "/" for 127.0.0.1 at 2019-03-10 19:07:39 +0000
Processing by HomepageController#home as HTML
  Rendering homepage/home.html.haml within layouts/application
  Rendered homepage/home.html.haml within layouts/application (2.3ms)
Completed 200 OK in 27ms (Views: 26.7ms | ActiveRecord: 0.0ms)


Started GET "/" for 127.0.0.1 at 2019-03-10 19:22:06 +0000
Processing by HomepageController#home as HTML
  Rendering homepage/home.html.haml within layouts/application
  Rendered layouts/_header.html.haml (2.7ms)
  Rendered homepage/home.html.haml within layouts/application (7.6ms)
Completed 200 OK in 38ms (Views: 36.6ms | ActiveRecord: 0.0ms)


Started GET "/" for 127.0.0.1 at 2019-03-10 19:23:10 +0000
Processing by HomepageController#home as HTML
  Rendering homepage/home.html.haml within layouts/application
  Rendered layouts/_header.html.haml (2.2ms)
  Rendered homepage/home.html.haml within layouts/application (5.0ms)
Completed 200 OK in 29ms (Views: 28.7ms | ActiveRecord: 0.0ms)


Started GET "/" for 127.0.0.1 at 2019-03-10 19:23:34 +0000
Processing by HomepageController#home as HTML
  Rendering homepage/home.html.haml within layouts/application
  Rendered homepage/home.html.haml within layouts/application (12.6ms)
Completed 500 Internal Server Error in 22ms (ActiveRecord: 0.0ms)


  
ActionView::Template::Error (Missing partial layouts/__header with {:locale=>[:en], :formats=>[:html], :variants=>[], :handlers=>[:raw, :erb, :html, :builder, :ruby, :coffee, :haml]}. Searched in:
  * "/home/james/work/dissertation/app/views"
  * "/home/james/.rvm/gems/ruby-2.4.4/gems/devise_cas_authenticatable-1.10.3/app/views"
  * "/home/james/.rvm/gems/ruby-2.4.4/gems/devise-4.6.1/app/views"
):
    1: = render 'layouts/_header'
    2: 
    3: %h1 Homepage#home
    4: %p Find me in app/views/homepage/home.html.erb
  
app/views/homepage/home.html.haml:1:in `_app_views_homepage_home_html_haml__3836435570510152476_47431762340060'
Started GET "/" for 127.0.0.1 at 2019-03-10 19:24:00 +0000
Processing by HomepageController#home as HTML
  Rendering homepage/home.html.haml within layouts/application
  Rendered layouts/_header.html.haml (5.1ms)
  Rendered homepage/home.html.haml within layouts/application (12.0ms)
Completed 200 OK in 49ms (Views: 46.6ms | ActiveRecord: 0.0ms)


Started GET "/" for 127.0.0.1 at 2019-03-10 19:24:06 +0000
Processing by HomepageController#home as HTML
  Rendering homepage/home.html.haml within layouts/application
  Rendered layouts/_header.html.haml (4.2ms)
  Rendered homepage/home.html.haml within layouts/application (11.7ms)
Completed 200 OK in 49ms (Views: 46.9ms | ActiveRecord: 0.0ms)


Started GET "/" for 127.0.0.1 at 2019-03-10 19:24:26 +0000
Processing by HomepageController#home as HTML
  Rendering homepage/home.html.haml within layouts/application
  Rendered layouts/_header.html.haml (1.0ms)
  Rendered homepage/home.html.haml within layouts/application (2.7ms)
Completed 200 OK in 22ms (Views: 21.4ms | ActiveRecord: 0.0ms)


Started GET "/" for 127.0.0.1 at 2019-03-10 19:25:07 +0000
Processing by HomepageController#home as HTML
  Rendering homepage/home.html.haml within layouts/application
  Rendered layouts/_header.html.haml (1.1ms)
  Rendered homepage/home.html.haml within layouts/application (2.7ms)
Completed 200 OK in 21ms (Views: 20.9ms | ActiveRecord: 0.0ms)


Started GET "/" for 127.0.0.1 at 2019-03-10 19:27:43 +0000
Processing by HomepageController#home as HTML
  Rendering homepage/home.html.haml within layouts/application
  Rendered homepage/home.html.haml within layouts/application (2.4ms)
Completed 200 OK in 38ms (Views: 37.2ms | ActiveRecord: 0.0ms)


Started GET "/" for 127.0.0.1 at 2019-03-10 19:27:49 +0000
Processing by HomepageController#home as HTML
  Rendering homepage/home.html.haml within layouts/application
  Rendered layouts/_header.html.haml (3.8ms)
  Rendered homepage/home.html.haml within layouts/application (8.5ms)
Completed 200 OK in 46ms (Views: 45.0ms | ActiveRecord: 0.0ms)


Started GET "/" for 127.0.0.1 at 2019-03-10 19:27:56 +0000
Processing by HomepageController#home as HTML
  Rendering homepage/home.html.haml within layouts/application
  Rendered layouts/_header.html.haml (2.8ms)
  Rendered homepage/home.html.haml within layouts/application (6.9ms)
Completed 200 OK in 34ms (Views: 32.6ms | ActiveRecord: 0.0ms)


Started GET "/" for 127.0.0.1 at 2019-03-10 19:27:58 +0000
Processing by HomepageController#home as HTML
  Rendering homepage/home.html.haml within layouts/application
  Rendered layouts/_header.html.haml (1.8ms)
  Rendered homepage/home.html.haml within layouts/application (4.5ms)
Completed 200 OK in 23ms (Views: 22.5ms | ActiveRecord: 0.0ms)


Started GET "/" for 127.0.0.1 at 2019-03-10 19:27:58 +0000
Processing by HomepageController#home as HTML
  Rendering homepage/home.html.haml within layouts/application
  Rendered layouts/_header.html.haml (1.5ms)
  Rendered homepage/home.html.haml within layouts/application (3.3ms)
Completed 200 OK in 28ms (Views: 26.8ms | ActiveRecord: 0.0ms)


Started GET "/" for 127.0.0.1 at 2019-03-10 19:28:01 +0000
Processing by HomepageController#home as HTML
  Rendering homepage/home.html.haml within layouts/application
  Rendered layouts/_header.html.haml (2.2ms)
  Rendered homepage/home.html.haml within layouts/application (4.9ms)
Completed 200 OK in 28ms (Views: 27.6ms | ActiveRecord: 0.0ms)


Started GET "/" for 127.0.0.1 at 2019-03-10 19:36:49 +0000
Processing by HomepageController#home as HTML
  Rendering homepage/home.html.haml within layouts/application
  Rendered layouts/_header.html.haml (4.5ms)
  Rendered homepage/home.html.haml within layouts/application (10.9ms)
Completed 200 OK in 50ms (Views: 48.4ms | ActiveRecord: 0.0ms)


Started GET "/" for 127.0.0.1 at 2019-03-10 19:37:01 +0000
Processing by HomepageController#home as HTML
  Rendering homepage/home.html.haml within layouts/application
  Rendered layouts/_header.html.haml (2.1ms)
  Rendered homepage/home.html.haml within layouts/application (4.9ms)
Completed 200 OK in 34ms (Views: 33.3ms | ActiveRecord: 0.0ms)


Started GET "/" for 127.0.0.1 at 2019-03-10 19:37:41 +0000
Processing by HomepageController#home as HTML
  Rendering homepage/home.html.haml within layouts/application
  Rendered layouts/_header.html.haml (1.8ms)
  Rendered homepage/home.html.haml within layouts/application (4.4ms)
Completed 200 OK in 36ms (Views: 35.5ms | ActiveRecord: 0.0ms)


Started GET "/" for 127.0.0.1 at 2019-03-10 19:37:45 +0000
Processing by HomepageController#home as HTML
  Rendering homepage/home.html.haml within layouts/application
  Rendered layouts/_header.html.haml (1.9ms)
  Rendered homepage/home.html.haml within layouts/application (4.6ms)
Completed 200 OK in 24ms (Views: 22.7ms | ActiveRecord: 0.0ms)


Started GET "/" for 127.0.0.1 at 2019-03-10 19:37:56 +0000
Processing by HomepageController#home as HTML
  Rendering homepage/home.html.haml within layouts/application
  Rendered layouts/_header.html.haml (1.5ms)
  Rendered homepage/home.html.haml within layouts/application (3.9ms)
Completed 200 OK in 25ms (Views: 24.2ms | ActiveRecord: 0.0ms)


Started GET "/" for 127.0.0.1 at 2019-03-10 19:41:16 +0000
Processing by HomepageController#home as HTML
  Rendering homepage/home.html.haml within layouts/application
  Rendered layouts/_header.html.haml (1.9ms)
  Rendered homepage/home.html.haml within layouts/application (5.2ms)
Completed 200 OK in 203ms (Views: 202.0ms | ActiveRecord: 0.0ms)


Started GET "/" for 127.0.0.1 at 2019-03-10 19:41:33 +0000
Processing by HomepageController#home as HTML
  Rendering homepage/home.html.haml within layouts/application
  Rendered layouts/_header.html.haml (3.6ms)
  Rendered homepage/home.html.haml within layouts/application (10.0ms)
Completed 200 OK in 58ms (Views: 56.2ms | ActiveRecord: 0.0ms)


Started GET "/" for 127.0.0.1 at 2019-03-10 19:41:39 +0000
Processing by HomepageController#home as HTML
  Rendering homepage/home.html.haml within layouts/application
  Rendered layouts/_header.html.haml (3.5ms)
  Rendered homepage/home.html.haml within layouts/application (10.4ms)
Completed 200 OK in 51ms (Views: 49.1ms | ActiveRecord: 0.0ms)


Started GET "/" for 127.0.0.1 at 2019-03-10 19:41:40 +0000
Processing by HomepageController#home as HTML
  Rendering homepage/home.html.haml within layouts/application
  Rendered layouts/_header.html.haml (1.2ms)
  Rendered homepage/home.html.haml within layouts/application (2.9ms)
Completed 200 OK in 22ms (Views: 21.5ms | ActiveRecord: 0.0ms)


Started GET "/" for 127.0.0.1 at 2019-03-10 19:41:48 +0000
Processing by HomepageController#home as HTML
  Rendering homepage/home.html.haml within layouts/application
  Rendered layouts/_header.html.haml (1.6ms)
  Rendered homepage/home.html.haml within layouts/application (3.8ms)
Completed 200 OK in 32ms (Views: 30.8ms | ActiveRecord: 0.0ms)


Started GET "/" for 127.0.0.1 at 2019-03-10 19:42:00 +0000
Processing by HomepageController#home as HTML
  Rendering homepage/home.html.haml within layouts/application
  Rendered layouts/_header.html.haml (4.3ms)
  Rendered homepage/home.html.haml within layouts/application (11.3ms)
Completed 200 OK in 44ms (Views: 42.6ms | ActiveRecord: 0.0ms)


Started GET "/" for 127.0.0.1 at 2019-03-10 19:42:07 +0000
Processing by HomepageController#home as HTML
  Rendering homepage/home.html.haml within layouts/application
  Rendered layouts/_header.html.haml (1.0ms)
  Rendered homepage/home.html.haml within layouts/application (2.7ms)
Completed 200 OK in 25ms (Views: 23.8ms | ActiveRecord: 0.0ms)


Started GET "/" for 127.0.0.1 at 2019-03-10 19:42:59 +0000
Processing by HomepageController#home as HTML
  Rendering homepage/home.html.haml within layouts/application
  Rendered layouts/_header.html.haml (1.2ms)
  Rendered homepage/home.html.haml within layouts/application (3.0ms)
Completed 200 OK in 50ms (Views: 49.4ms | ActiveRecord: 0.0ms)


Started GET "/" for 127.0.0.1 at 2019-03-10 19:43:15 +0000
Processing by HomepageController#home as HTML
  Rendering homepage/home.html.haml within layouts/application
  Rendered layouts/_header.html.haml (1.6ms)
  Rendered homepage/home.html.haml within layouts/application (3.9ms)
Completed 200 OK in 47ms (Views: 45.9ms | ActiveRecord: 0.0ms)


Started GET "/" for 127.0.0.1 at 2019-03-10 19:43:27 +0000
Processing by HomepageController#home as HTML
  Rendering homepage/home.html.haml within layouts/application
  Rendered layouts/_header.html.haml (2.7ms)
  Rendered homepage/home.html.haml within layouts/application (5.9ms)
Completed 200 OK in 51ms (Views: 50.1ms | ActiveRecord: 0.0ms)


Started GET "/" for 127.0.0.1 at 2019-03-10 19:44:12 +0000
Processing by HomepageController#home as HTML
  Rendering homepage/home.html.haml within layouts/application
  Rendered layouts/_header.html.haml (2.4ms)
  Rendered homepage/home.html.haml within layouts/application (6.5ms)
Completed 200 OK in 59ms (Views: 58.3ms | ActiveRecord: 0.0ms)


Started GET "/" for 127.0.0.1 at 2019-03-10 19:44:22 +0000
Processing by HomepageController#home as HTML
  Rendering homepage/home.html.haml within layouts/application
  Rendered layouts/_header.html.haml (2.4ms)
  Rendered homepage/home.html.haml within layouts/application (5.1ms)
Completed 200 OK in 48ms (Views: 47.1ms | ActiveRecord: 0.0ms)


Started GET "/" for 127.0.0.1 at 2019-03-10 19:44:41 +0000
Processing by HomepageController#home as HTML
  Rendering homepage/home.html.haml within layouts/application
  Rendered layouts/_header.html.haml (1.3ms)
  Rendered homepage/home.html.haml within layouts/application (3.1ms)
Completed 200 OK in 44ms (Views: 43.0ms | ActiveRecord: 0.0ms)


Started GET "/" for 127.0.0.1 at 2019-03-10 19:44:55 +0000
Processing by HomepageController#home as HTML
  Rendering homepage/home.html.haml within layouts/application
  Rendered layouts/_header.html.haml (1.6ms)
  Rendered homepage/home.html.haml within layouts/application (3.2ms)
Completed 200 OK in 28ms (Views: 27.1ms | ActiveRecord: 0.0ms)


Started GET "/" for 127.0.0.1 at 2019-03-10 19:44:57 +0000
Processing by HomepageController#home as HTML
  Rendering homepage/home.html.haml within layouts/application
  Rendered layouts/_header.html.haml (1.2ms)
  Rendered homepage/home.html.haml within layouts/application (7.3ms)
Completed 200 OK in 29ms (Views: 28.5ms | ActiveRecord: 0.0ms)


Started GET "/" for 127.0.0.1 at 2019-03-10 19:45:00 +0000
Processing by HomepageController#home as HTML
  Rendering homepage/home.html.haml within layouts/application
  Rendered layouts/_header.html.haml (1.3ms)
  Rendered homepage/home.html.haml within layouts/application (3.1ms)
Completed 200 OK in 24ms (Views: 23.1ms | ActiveRecord: 0.0ms)


Started GET "/" for 127.0.0.1 at 2019-03-10 19:45:02 +0000
Processing by HomepageController#home as HTML
  Rendering homepage/home.html.haml within layouts/application
  Rendered layouts/_header.html.haml (1.2ms)
  Rendered homepage/home.html.haml within layouts/application (2.9ms)
Completed 200 OK in 24ms (Views: 23.3ms | ActiveRecord: 0.0ms)


Started GET "/admin/home" for 127.0.0.1 at 2019-03-10 19:45:04 +0000
  
ActionController::RoutingError (No route matches [GET] "/admin/home"):
  
actionpack (5.2.1) lib/action_dispatch/middleware/debug_exceptions.rb:65:in `call'
web-console (3.7.0) lib/web_console/middleware.rb:135:in `call_app'
web-console (3.7.0) lib/web_console/middleware.rb:30:in `block in call'
web-console (3.7.0) lib/web_console/middleware.rb:20:in `catch'
web-console (3.7.0) lib/web_console/middleware.rb:20:in `call'
actionpack (5.2.1) lib/action_dispatch/middleware/show_exceptions.rb:33:in `call'
railties (5.2.1) lib/rails/rack/logger.rb:38:in `call_app'
railties (5.2.1) lib/rails/rack/logger.rb:26:in `block in call'
activesupport (5.2.1) lib/active_support/tagged_logging.rb:71:in `block in tagged'
activesupport (5.2.1) lib/active_support/tagged_logging.rb:28:in `tagged'
activesupport (5.2.1) lib/active_support/tagged_logging.rb:71:in `tagged'
railties (5.2.1) lib/rails/rack/logger.rb:26:in `call'
sprockets-rails (3.2.1) lib/sprockets/rails/quiet_assets.rb:13:in `call'
actionpack (5.2.1) lib/action_dispatch/middleware/remote_ip.rb:81:in `call'
request_store (1.4.1) lib/request_store/middleware.rb:19:in `call'
actionpack (5.2.1) lib/action_dispatch/middleware/request_id.rb:27:in `call'
rack (2.0.6) lib/rack/method_override.rb:22:in `call'
rack (2.0.6) lib/rack/runtime.rb:22:in `call'
activesupport (5.2.1) lib/active_support/cache/strategy/local_cache_middleware.rb:29:in `call'
actionpack (5.2.1) lib/action_dispatch/middleware/executor.rb:14:in `call'
actionpack (5.2.1) lib/action_dispatch/middleware/static.rb:127:in `call'
rack (2.0.6) lib/rack/sendfile.rb:111:in `call'
railties (5.2.1) lib/rails/engine.rb:524:in `call'
thin (1.7.2) lib/thin/connection.rb:86:in `block in pre_process'
thin (1.7.2) lib/thin/connection.rb:84:in `catch'
thin (1.7.2) lib/thin/connection.rb:84:in `pre_process'
thin (1.7.2) lib/thin/connection.rb:53:in `process'
thin (1.7.2) lib/thin/connection.rb:39:in `receive_data'
eventmachine (1.2.7) lib/eventmachine.rb:195:in `run_machine'
eventmachine (1.2.7) lib/eventmachine.rb:195:in `run'
thin (1.7.2) lib/thin/backends/base.rb:73:in `start'
thin (1.7.2) lib/thin/server.rb:162:in `start'
rack (2.0.6) lib/rack/handler/thin.rb:22:in `run'
rack (2.0.6) lib/rack/server.rb:297:in `start'
railties (5.2.1) lib/rails/commands/server/server_command.rb:53:in `start'
railties (5.2.1) lib/rails/commands/server/server_command.rb:147:in `block in perform'
railties (5.2.1) lib/rails/commands/server/server_command.rb:142:in `tap'
railties (5.2.1) lib/rails/commands/server/server_command.rb:142:in `perform'
thor (0.20.3) lib/thor/command.rb:27:in `run'
thor (0.20.3) lib/thor/invocation.rb:126:in `invoke_command'
thor (0.20.3) lib/thor.rb:387:in `dispatch'
railties (5.2.1) lib/rails/command/base.rb:65:in `perform'
railties (5.2.1) lib/rails/command.rb:46:in `invoke'
railties (5.2.1) lib/rails/commands.rb:18:in `<top (required)>'
bin/rails:9:in `require'
bin/rails:9:in `<top (required)>'
spring (2.0.2) lib/spring/client/rails.rb:28:in `load'
spring (2.0.2) lib/spring/client/rails.rb:28:in `call'
spring (2.0.2) lib/spring/client/command.rb:7:in `call'
spring (2.0.2) lib/spring/client.rb:30:in `run'
spring (2.0.2) bin/spring:49:in `<top (required)>'
spring (2.0.2) lib/spring/binstub.rb:31:in `load'
spring (2.0.2) lib/spring/binstub.rb:31:in `<top (required)>'
bin/spring:15:in `require'
bin/spring:15:in `<top (required)>'
bin/rails:3:in `load'
bin/rails:3:in `<main>'
Started GET "/" for 127.0.0.1 at 2019-03-10 19:45:11 +0000
Processing by HomepageController#home as HTML
  Rendering homepage/home.html.haml within layouts/application
  Rendered layouts/_header.html.haml (1.2ms)
  Rendered homepage/home.html.haml within layouts/application (3.0ms)
Completed 200 OK in 26ms (Views: 25.3ms | ActiveRecord: 0.0ms)


Started GET "/" for 127.0.0.1 at 2019-03-10 19:45:24 +0000
Processing by HomepageController#home as HTML
  Rendering homepage/home.html.haml within layouts/application
  Rendered layouts/_header.html.haml (1.4ms)
  Rendered homepage/home.html.haml within layouts/application (3.2ms)
Completed 200 OK in 47ms (Views: 46.3ms | ActiveRecord: 0.0ms)


Started GET "/" for 127.0.0.1 at 2019-03-10 19:45:29 +0000
Processing by HomepageController#home as HTML
  Rendering homepage/home.html.haml within layouts/application
  Rendered layouts/_header.html.haml (2.1ms)
  Rendered homepage/home.html.haml within layouts/application (4.6ms)
Completed 200 OK in 49ms (Views: 48.0ms | ActiveRecord: 0.0ms)


Started GET "/" for 127.0.0.1 at 2019-03-10 19:45:35 +0000
Processing by HomepageController#home as HTML
  Rendering homepage/home.html.haml within layouts/application
  Rendered layouts/_header.html.haml (2.0ms)
  Rendered homepage/home.html.haml within layouts/application (4.3ms)
Completed 200 OK in 45ms (Views: 44.8ms | ActiveRecord: 0.0ms)


Started GET "/" for 127.0.0.1 at 2019-03-10 19:46:16 +0000
Processing by HomepageController#home as HTML
  Rendering homepage/home.html.haml within layouts/application
  Rendered layouts/_header.html.haml (3.4ms)
  Rendered homepage/home.html.haml within layouts/application (8.5ms)
Completed 200 OK in 49ms (Views: 47.3ms | ActiveRecord: 0.0ms)


Started GET "/" for 127.0.0.1 at 2019-03-10 19:46:19 +0000
Processing by HomepageController#home as HTML
  Rendering homepage/home.html.haml within layouts/application
  Rendered layouts/_header.html.haml (1.3ms)
  Rendered homepage/home.html.haml within layouts/application (2.9ms)
Completed 200 OK in 27ms (Views: 26.8ms | ActiveRecord: 0.0ms)


Started GET "/" for 127.0.0.1 at 2019-03-10 19:50:20 +0000
Processing by HomepageController#home as HTML
  Rendering homepage/home.html.haml within layouts/application
  Rendered layouts/_header.html.haml (1.6ms)
  Rendered homepage/home.html.haml within layouts/application (5.0ms)
Completed 500 Internal Server Error in 7ms (ActiveRecord: 0.0ms)


  
ActionView::Template::Error (Missing partial layouts/_footer with {:locale=>[:en], :formats=>[:html], :variants=>[], :handlers=>[:raw, :erb, :html, :builder, :ruby, :coffee, :haml]}. Searched in:
  * "/home/james/work/dissertation/app/views"
  * "/home/james/.rvm/gems/ruby-2.4.4/gems/devise_cas_authenticatable-1.10.3/app/views"
  * "/home/james/.rvm/gems/ruby-2.4.4/gems/devise-4.6.1/app/views"
):
    1: = render 'layouts/header'
    2: 
    3: = render 'layouts/footer'
  
app/views/homepage/home.html.haml:3:in `_app_views_homepage_home_html_haml__3836435570510152476_47431768132000'
Started GET "/" for 127.0.0.1 at 2019-03-10 19:50:35 +0000
Processing by HomepageController#home as HTML
  Rendering homepage/home.html.haml within layouts/application
  Rendered layouts/_header.html.haml (2.2ms)
  Rendered layouts/_footer.html.haml (1.3ms)
  Rendered homepage/home.html.haml within layouts/application (6.3ms)
Completed 200 OK in 34ms (Views: 33.6ms | ActiveRecord: 0.0ms)


Started GET "/" for 127.0.0.1 at 2019-03-10 19:50:41 +0000
Processing by HomepageController#home as HTML
  Rendering homepage/home.html.haml within layouts/application
  Rendered layouts/_header.html.haml (1.2ms)
  Rendered layouts/_footer.html.haml (1.3ms)
  Rendered homepage/home.html.haml within layouts/application (4.4ms)
Completed 200 OK in 27ms (Views: 26.8ms | ActiveRecord: 0.0ms)


Started GET "/" for 127.0.0.1 at 2019-03-10 19:50:42 +0000
Processing by HomepageController#home as HTML
  Rendering homepage/home.html.haml within layouts/application
  Rendered layouts/_header.html.haml (1.4ms)
  Rendered layouts/_footer.html.haml (1.6ms)
  Rendered homepage/home.html.haml within layouts/application (5.0ms)
Completed 200 OK in 31ms (Views: 30.9ms | ActiveRecord: 0.0ms)


Started GET "/" for 127.0.0.1 at 2019-03-10 19:52:42 +0000
Processing by HomepageController#home as HTML
  Rendering homepage/home.html.haml within layouts/application
  Rendered layouts/_header.html.haml (5.6ms)
  Rendered layouts/_footer.html.haml (2.0ms)
  Rendered homepage/home.html.haml within layouts/application (11.6ms)
Completed 200 OK in 56ms (Views: 54.8ms | ActiveRecord: 0.0ms)


Started GET "/" for 127.0.0.1 at 2019-03-10 19:52:54 +0000
Processing by HomepageController#home as HTML
  Rendering homepage/home.html.haml within layouts/application
  Rendered layouts/_header.html.haml (2.4ms)
  Rendered layouts/_footer.html.haml (1.7ms)
  Rendered homepage/home.html.haml within layouts/application (7.3ms)
Completed 200 OK in 54ms (Views: 53.2ms | ActiveRecord: 0.0ms)


Started GET "/" for 127.0.0.1 at 2019-03-10 19:53:20 +0000
Processing by HomepageController#home as HTML
  Rendering homepage/home.html.haml within layouts/application
  Rendered layouts/_header.html.haml (2.0ms)
  Rendered layouts/_footer.html.haml (1.8ms)
  Rendered homepage/home.html.haml within layouts/application (6.6ms)
Completed 200 OK in 42ms (Views: 41.6ms | ActiveRecord: 0.0ms)


Started GET "/" for 127.0.0.1 at 2019-03-10 19:53:38 +0000
Processing by HomepageController#home as HTML
  Rendering homepage/home.html.haml within layouts/application
  Rendered layouts/_header.html.haml (1.6ms)
  Rendered layouts/_footer.html.haml (1.3ms)
  Rendered homepage/home.html.haml within layouts/application (4.9ms)
Completed 200 OK in 54ms (Views: 53.0ms | ActiveRecord: 0.0ms)


Started GET "/" for 127.0.0.1 at 2019-03-10 20:01:14 +0000
Processing by HomepageController#home as HTML
  Rendering homepage/home.html.haml within layouts/application
  Rendered layouts/_header.html.haml (4.7ms)
  Rendered layouts/_footer.html.haml (3.1ms)
  Rendered homepage/home.html.haml within layouts/application (17.5ms)
Completed 200 OK in 53ms (Views: 51.7ms | ActiveRecord: 0.0ms)


Started GET "/" for 127.0.0.1 at 2019-03-10 20:02:12 +0000
Processing by HomepageController#home as HTML
  Rendering homepage/home.html.haml within layouts/application
  Rendered layouts/_header.html.haml (6.9ms)
  Rendered layouts/_footer.html.haml (4.8ms)
  Rendered homepage/home.html.haml within layouts/application (20.4ms)
Completed 200 OK in 199ms (Views: 197.3ms | ActiveRecord: 0.0ms)


Started GET "/" for 127.0.0.1 at 2019-03-10 20:02:30 +0000
Processing by HomepageController#home as HTML
  Rendering homepage/home.html.haml within layouts/application
  Rendered layouts/_header.html.haml (4.0ms)
  Rendered layouts/_footer.html.haml (4.8ms)
  Rendered homepage/home.html.haml within layouts/application (14.4ms)
Completed 200 OK in 86ms (Views: 84.5ms | ActiveRecord: 0.0ms)


Started GET "/" for 127.0.0.1 at 2019-03-10 20:03:10 +0000
Processing by HomepageController#home as HTML
  Rendering homepage/home.html.haml within layouts/application
  Rendered layouts/_header.html.haml (3.6ms)
  Rendered layouts/_footer.html.haml (4.0ms)
  Rendered homepage/home.html.haml within layouts/application (12.6ms)
Completed 200 OK in 82ms (Views: 81.2ms | ActiveRecord: 0.0ms)


Started GET "/" for 127.0.0.1 at 2019-03-10 20:04:16 +0000
Processing by HomepageController#home as HTML
  Rendering homepage/home.html.haml within layouts/application
  Rendered layouts/_header.html.haml (2.1ms)
  Rendered layouts/_footer.html.haml (2.0ms)
  Rendered homepage/home.html.haml within layouts/application (7.5ms)
Completed 200 OK in 65ms (Views: 64.4ms | ActiveRecord: 0.0ms)


Started GET "/" for 127.0.0.1 at 2019-03-10 20:04:45 +0000
Processing by HomepageController#home as HTML
  Rendering homepage/home.html.haml within layouts/application
  Rendered layouts/_header.html.haml (1.4ms)
  Rendered layouts/_footer.html.haml (1.4ms)
  Rendered homepage/home.html.haml within layouts/application (5.1ms)
Completed 200 OK in 53ms (Views: 52.7ms | ActiveRecord: 0.0ms)


Started GET "/" for 127.0.0.1 at 2019-03-10 20:05:14 +0000
Processing by HomepageController#home as HTML
  Rendering homepage/home.html.haml within layouts/application
  Rendered layouts/_header.html.haml (1.2ms)
  Rendered layouts/_footer.html.haml (1.3ms)
  Rendered homepage/home.html.haml within layouts/application (4.5ms)
Completed 200 OK in 62ms (Views: 61.8ms | ActiveRecord: 0.0ms)


Started GET "/" for 127.0.0.1 at 2019-03-10 20:05:20 +0000
Processing by HomepageController#home as HTML
  Rendering homepage/home.html.haml within layouts/application
  Rendered layouts/_header.html.haml (2.1ms)
  Rendered layouts/_footer.html.haml (4.1ms)
  Rendered homepage/home.html.haml within layouts/application (9.1ms)
Completed 200 OK in 67ms (Views: 66.2ms | ActiveRecord: 0.0ms)


Started GET "/" for 127.0.0.1 at 2019-03-10 20:07:19 +0000
Processing by HomepageController#home as HTML
  Rendering homepage/home.html.haml within layouts/application
  Rendered layouts/_header.html.haml (2.7ms)
  Rendered layouts/_footer.html.haml (3.5ms)
  Rendered homepage/home.html.haml within layouts/application (10.6ms)
Completed 500 Internal Server Error in 14ms (ActiveRecord: 0.0ms)


  
ActionView::Template::Error (Inconsistent indentation: 7 spaces used for indentation, but the rest of the document was indented using 2 spaces.):
    1: %footer
    2:   %ul
    3:     %li
    4:        %a{href: "https://www.w3schools.com"} Home
    5:     %li Exercises
    6:     %li Workouts
    7:     %li Logs
  
app/views/layouts/_footer.html.haml:4
app/views/homepage/home.html.haml:3:in `_app_views_homepage_home_html_haml__3836435570510152476_47431768146380'
Started GET "/" for 127.0.0.1 at 2019-03-10 20:07:30 +0000
Processing by HomepageController#home as HTML
  Rendering homepage/home.html.haml within layouts/application
  Rendered layouts/_header.html.haml (3.1ms)
  Rendered layouts/_footer.html.haml (3.4ms)
  Rendered homepage/home.html.haml within layouts/application (11.7ms)
Completed 200 OK in 43ms (Views: 41.2ms | ActiveRecord: 0.0ms)


Started GET "/" for 127.0.0.1 at 2019-03-10 20:08:28 +0000
Processing by HomepageController#home as HTML
  Rendering homepage/home.html.haml within layouts/application
  Rendered layouts/_header.html.haml (1.9ms)
  Rendered layouts/_footer.html.haml (1.6ms)
  Rendered homepage/home.html.haml within layouts/application (7.5ms)
Completed 500 Internal Server Error in 11ms (ActiveRecord: 0.0ms)


  
ActionView::Template::Error (Illegal nesting: content can't be both given on the same line as %li and nested within it.):
    3:     %li
    4:       %a{href: "https://www.w3schools.com"} Home
    5:     %li Exercises
    6:       %a{href: "https://www.w3schools.com"} Home
    7:     %li Workouts
    8:       %a{href: "https://www.w3schools.com"} Home
    9:     %li Logs
  
app/views/layouts/_footer.html.haml:6
app/views/homepage/home.html.haml:3:in `_app_views_homepage_home_html_haml__3836435570510152476_47431754623100'
Started GET "/" for 127.0.0.1 at 2019-03-10 20:09:05 +0000
Processing by HomepageController#home as HTML
  Rendering homepage/home.html.haml within layouts/application
  Rendered layouts/_header.html.haml (1.6ms)
  Rendered layouts/_footer.html.haml (1.5ms)
  Rendered homepage/home.html.haml within layouts/application (5.7ms)
Completed 500 Internal Server Error in 8ms (ActiveRecord: 0.0ms)


  
ActionView::Template::Error (Illegal nesting: content can't be both given on the same line as %li and nested within it.):
     7:     %li
     8:       %a{href: "https://www.w3schools.com"} Workouts
     9:     %li Logs
    10:       %a{href: "https://www.w3schools.com"} Logs
    11:     %li
    12:       %a{href: "https://www.w3schools.com"} Progress
    13:     %li
  
app/views/layouts/_footer.html.haml:10
app/views/homepage/home.html.haml:3:in `_app_views_homepage_home_html_haml__3836435570510152476_47431765453220'
Started GET "/" for 127.0.0.1 at 2019-03-10 20:09:17 +0000
Processing by HomepageController#home as HTML
  Rendering homepage/home.html.haml within layouts/application
  Rendered layouts/_header.html.haml (6.7ms)
  Rendered layouts/_footer.html.haml (14.5ms)
  Rendered homepage/home.html.haml within layouts/application (30.1ms)
Completed 200 OK in 123ms (Views: 121.7ms | ActiveRecord: 0.0ms)


Started GET "/home" for 127.0.0.1 at 2019-03-10 20:09:39 +0000
  
ActionController::RoutingError (No route matches [GET] "/home"):
  
actionpack (5.2.1) lib/action_dispatch/middleware/debug_exceptions.rb:65:in `call'
web-console (3.7.0) lib/web_console/middleware.rb:135:in `call_app'
web-console (3.7.0) lib/web_console/middleware.rb:30:in `block in call'
web-console (3.7.0) lib/web_console/middleware.rb:20:in `catch'
web-console (3.7.0) lib/web_console/middleware.rb:20:in `call'
actionpack (5.2.1) lib/action_dispatch/middleware/show_exceptions.rb:33:in `call'
railties (5.2.1) lib/rails/rack/logger.rb:38:in `call_app'
railties (5.2.1) lib/rails/rack/logger.rb:26:in `block in call'
activesupport (5.2.1) lib/active_support/tagged_logging.rb:71:in `block in tagged'
activesupport (5.2.1) lib/active_support/tagged_logging.rb:28:in `tagged'
activesupport (5.2.1) lib/active_support/tagged_logging.rb:71:in `tagged'
railties (5.2.1) lib/rails/rack/logger.rb:26:in `call'
sprockets-rails (3.2.1) lib/sprockets/rails/quiet_assets.rb:13:in `call'
actionpack (5.2.1) lib/action_dispatch/middleware/remote_ip.rb:81:in `call'
request_store (1.4.1) lib/request_store/middleware.rb:19:in `call'
actionpack (5.2.1) lib/action_dispatch/middleware/request_id.rb:27:in `call'
rack (2.0.6) lib/rack/method_override.rb:22:in `call'
rack (2.0.6) lib/rack/runtime.rb:22:in `call'
activesupport (5.2.1) lib/active_support/cache/strategy/local_cache_middleware.rb:29:in `call'
actionpack (5.2.1) lib/action_dispatch/middleware/executor.rb:14:in `call'
actionpack (5.2.1) lib/action_dispatch/middleware/static.rb:127:in `call'
rack (2.0.6) lib/rack/sendfile.rb:111:in `call'
railties (5.2.1) lib/rails/engine.rb:524:in `call'
thin (1.7.2) lib/thin/connection.rb:86:in `block in pre_process'
thin (1.7.2) lib/thin/connection.rb:84:in `catch'
thin (1.7.2) lib/thin/connection.rb:84:in `pre_process'
thin (1.7.2) lib/thin/connection.rb:53:in `process'
thin (1.7.2) lib/thin/connection.rb:39:in `receive_data'
eventmachine (1.2.7) lib/eventmachine.rb:195:in `run_machine'
eventmachine (1.2.7) lib/eventmachine.rb:195:in `run'
thin (1.7.2) lib/thin/backends/base.rb:73:in `start'
thin (1.7.2) lib/thin/server.rb:162:in `start'
rack (2.0.6) lib/rack/handler/thin.rb:22:in `run'
rack (2.0.6) lib/rack/server.rb:297:in `start'
railties (5.2.1) lib/rails/commands/server/server_command.rb:53:in `start'
railties (5.2.1) lib/rails/commands/server/server_command.rb:147:in `block in perform'
railties (5.2.1) lib/rails/commands/server/server_command.rb:142:in `tap'
railties (5.2.1) lib/rails/commands/server/server_command.rb:142:in `perform'
thor (0.20.3) lib/thor/command.rb:27:in `run'
thor (0.20.3) lib/thor/invocation.rb:126:in `invoke_command'
thor (0.20.3) lib/thor.rb:387:in `dispatch'
railties (5.2.1) lib/rails/command/base.rb:65:in `perform'
railties (5.2.1) lib/rails/command.rb:46:in `invoke'
railties (5.2.1) lib/rails/commands.rb:18:in `<top (required)>'
bin/rails:9:in `require'
bin/rails:9:in `<top (required)>'
spring (2.0.2) lib/spring/client/rails.rb:28:in `load'
spring (2.0.2) lib/spring/client/rails.rb:28:in `call'
spring (2.0.2) lib/spring/client/command.rb:7:in `call'
spring (2.0.2) lib/spring/client.rb:30:in `run'
spring (2.0.2) bin/spring:49:in `<top (required)>'
spring (2.0.2) lib/spring/binstub.rb:31:in `load'
spring (2.0.2) lib/spring/binstub.rb:31:in `<top (required)>'
bin/spring:15:in `require'
bin/spring:15:in `<top (required)>'
bin/rails:3:in `load'
bin/rails:3:in `<main>'
Started GET "/" for 127.0.0.1 at 2019-03-10 20:09:46 +0000
Processing by HomepageController#home as HTML
  Rendering homepage/home.html.haml within layouts/application
  Rendered layouts/_header.html.haml (1.5ms)
  Rendered layouts/_footer.html.haml (3.4ms)
  Rendered homepage/home.html.haml within layouts/application (7.3ms)
Completed 200 OK in 35ms (Views: 34.8ms | ActiveRecord: 0.0ms)


Started GET "/" for 127.0.0.1 at 2019-03-10 20:09:47 +0000
Processing by HomepageController#home as HTML
  Rendering homepage/home.html.haml within layouts/application
  Rendered layouts/_header.html.haml (3.5ms)
  Rendered layouts/_footer.html.haml (6.2ms)
  Rendered homepage/home.html.haml within layouts/application (13.7ms)
Completed 200 OK in 50ms (Views: 49.1ms | ActiveRecord: 0.0ms)


Started GET "/" for 127.0.0.1 at 2019-03-10 20:10:44 +0000
Processing by HomepageController#home as HTML
  Rendering homepage/home.html.haml within layouts/application
  Rendered layouts/_header.html.haml (2.7ms)
  Rendered layouts/_footer.html.haml (4.8ms)
  Rendered homepage/home.html.haml within layouts/application (11.3ms)
Completed 200 OK in 49ms (Views: 48.6ms | ActiveRecord: 0.0ms)


Started GET "/exercises" for 127.0.0.1 at 2019-03-10 20:10:46 +0000
  
ActionController::RoutingError (No route matches [GET] "/exercises"):
  
actionpack (5.2.1) lib/action_dispatch/middleware/debug_exceptions.rb:65:in `call'
web-console (3.7.0) lib/web_console/middleware.rb:135:in `call_app'
web-console (3.7.0) lib/web_console/middleware.rb:30:in `block in call'
web-console (3.7.0) lib/web_console/middleware.rb:20:in `catch'
web-console (3.7.0) lib/web_console/middleware.rb:20:in `call'
actionpack (5.2.1) lib/action_dispatch/middleware/show_exceptions.rb:33:in `call'
railties (5.2.1) lib/rails/rack/logger.rb:38:in `call_app'
railties (5.2.1) lib/rails/rack/logger.rb:26:in `block in call'
activesupport (5.2.1) lib/active_support/tagged_logging.rb:71:in `block in tagged'
activesupport (5.2.1) lib/active_support/tagged_logging.rb:28:in `tagged'
activesupport (5.2.1) lib/active_support/tagged_logging.rb:71:in `tagged'
railties (5.2.1) lib/rails/rack/logger.rb:26:in `call'
sprockets-rails (3.2.1) lib/sprockets/rails/quiet_assets.rb:13:in `call'
actionpack (5.2.1) lib/action_dispatch/middleware/remote_ip.rb:81:in `call'
request_store (1.4.1) lib/request_store/middleware.rb:19:in `call'
actionpack (5.2.1) lib/action_dispatch/middleware/request_id.rb:27:in `call'
rack (2.0.6) lib/rack/method_override.rb:22:in `call'
rack (2.0.6) lib/rack/runtime.rb:22:in `call'
activesupport (5.2.1) lib/active_support/cache/strategy/local_cache_middleware.rb:29:in `call'
actionpack (5.2.1) lib/action_dispatch/middleware/executor.rb:14:in `call'
actionpack (5.2.1) lib/action_dispatch/middleware/static.rb:127:in `call'
rack (2.0.6) lib/rack/sendfile.rb:111:in `call'
railties (5.2.1) lib/rails/engine.rb:524:in `call'
thin (1.7.2) lib/thin/connection.rb:86:in `block in pre_process'
thin (1.7.2) lib/thin/connection.rb:84:in `catch'
thin (1.7.2) lib/thin/connection.rb:84:in `pre_process'
thin (1.7.2) lib/thin/connection.rb:53:in `process'
thin (1.7.2) lib/thin/connection.rb:39:in `receive_data'
eventmachine (1.2.7) lib/eventmachine.rb:195:in `run_machine'
eventmachine (1.2.7) lib/eventmachine.rb:195:in `run'
thin (1.7.2) lib/thin/backends/base.rb:73:in `start'
thin (1.7.2) lib/thin/server.rb:162:in `start'
rack (2.0.6) lib/rack/handler/thin.rb:22:in `run'
rack (2.0.6) lib/rack/server.rb:297:in `start'
railties (5.2.1) lib/rails/commands/server/server_command.rb:53:in `start'
railties (5.2.1) lib/rails/commands/server/server_command.rb:147:in `block in perform'
railties (5.2.1) lib/rails/commands/server/server_command.rb:142:in `tap'
railties (5.2.1) lib/rails/commands/server/server_command.rb:142:in `perform'
thor (0.20.3) lib/thor/command.rb:27:in `run'
thor (0.20.3) lib/thor/invocation.rb:126:in `invoke_command'
thor (0.20.3) lib/thor.rb:387:in `dispatch'
railties (5.2.1) lib/rails/command/base.rb:65:in `perform'
railties (5.2.1) lib/rails/command.rb:46:in `invoke'
railties (5.2.1) lib/rails/commands.rb:18:in `<top (required)>'
bin/rails:9:in `require'
bin/rails:9:in `<top (required)>'
spring (2.0.2) lib/spring/client/rails.rb:28:in `load'
spring (2.0.2) lib/spring/client/rails.rb:28:in `call'
spring (2.0.2) lib/spring/client/command.rb:7:in `call'
spring (2.0.2) lib/spring/client.rb:30:in `run'
spring (2.0.2) bin/spring:49:in `<top (required)>'
spring (2.0.2) lib/spring/binstub.rb:31:in `load'
spring (2.0.2) lib/spring/binstub.rb:31:in `<top (required)>'
bin/spring:15:in `require'
bin/spring:15:in `<top (required)>'
bin/rails:3:in `load'
bin/rails:3:in `<main>'
Started GET "/" for 127.0.0.1 at 2019-03-10 20:10:48 +0000
Processing by HomepageController#home as HTML
  Rendering homepage/home.html.haml within layouts/application
  Rendered layouts/_header.html.haml (1.6ms)
  Rendered layouts/_footer.html.haml (3.3ms)
  Rendered homepage/home.html.haml within layouts/application (7.5ms)
Completed 200 OK in 35ms (Views: 33.9ms | ActiveRecord: 0.0ms)


Started GET "/exercises" for 127.0.0.1 at 2019-03-10 20:13:22 +0000
  
ActionController::RoutingError (No route matches [GET] "/exercises"):
  
actionpack (5.2.1) lib/action_dispatch/middleware/debug_exceptions.rb:65:in `call'
web-console (3.7.0) lib/web_console/middleware.rb:135:in `call_app'
web-console (3.7.0) lib/web_console/middleware.rb:30:in `block in call'
web-console (3.7.0) lib/web_console/middleware.rb:20:in `catch'
web-console (3.7.0) lib/web_console/middleware.rb:20:in `call'
actionpack (5.2.1) lib/action_dispatch/middleware/show_exceptions.rb:33:in `call'
railties (5.2.1) lib/rails/rack/logger.rb:38:in `call_app'
railties (5.2.1) lib/rails/rack/logger.rb:26:in `block in call'
activesupport (5.2.1) lib/active_support/tagged_logging.rb:71:in `block in tagged'
activesupport (5.2.1) lib/active_support/tagged_logging.rb:28:in `tagged'
activesupport (5.2.1) lib/active_support/tagged_logging.rb:71:in `tagged'
railties (5.2.1) lib/rails/rack/logger.rb:26:in `call'
sprockets-rails (3.2.1) lib/sprockets/rails/quiet_assets.rb:13:in `call'
actionpack (5.2.1) lib/action_dispatch/middleware/remote_ip.rb:81:in `call'
request_store (1.4.1) lib/request_store/middleware.rb:19:in `call'
actionpack (5.2.1) lib/action_dispatch/middleware/request_id.rb:27:in `call'
rack (2.0.6) lib/rack/method_override.rb:22:in `call'
rack (2.0.6) lib/rack/runtime.rb:22:in `call'
activesupport (5.2.1) lib/active_support/cache/strategy/local_cache_middleware.rb:29:in `call'
actionpack (5.2.1) lib/action_dispatch/middleware/executor.rb:14:in `call'
actionpack (5.2.1) lib/action_dispatch/middleware/static.rb:127:in `call'
rack (2.0.6) lib/rack/sendfile.rb:111:in `call'
railties (5.2.1) lib/rails/engine.rb:524:in `call'
thin (1.7.2) lib/thin/connection.rb:86:in `block in pre_process'
thin (1.7.2) lib/thin/connection.rb:84:in `catch'
thin (1.7.2) lib/thin/connection.rb:84:in `pre_process'
thin (1.7.2) lib/thin/connection.rb:53:in `process'
thin (1.7.2) lib/thin/connection.rb:39:in `receive_data'
eventmachine (1.2.7) lib/eventmachine.rb:195:in `run_machine'
eventmachine (1.2.7) lib/eventmachine.rb:195:in `run'
thin (1.7.2) lib/thin/backends/base.rb:73:in `start'
thin (1.7.2) lib/thin/server.rb:162:in `start'
rack (2.0.6) lib/rack/handler/thin.rb:22:in `run'
rack (2.0.6) lib/rack/server.rb:297:in `start'
railties (5.2.1) lib/rails/commands/server/server_command.rb:53:in `start'
railties (5.2.1) lib/rails/commands/server/server_command.rb:147:in `block in perform'
railties (5.2.1) lib/rails/commands/server/server_command.rb:142:in `tap'
railties (5.2.1) lib/rails/commands/server/server_command.rb:142:in `perform'
thor (0.20.3) lib/thor/command.rb:27:in `run'
thor (0.20.3) lib/thor/invocation.rb:126:in `invoke_command'
thor (0.20.3) lib/thor.rb:387:in `dispatch'
railties (5.2.1) lib/rails/command/base.rb:65:in `perform'
railties (5.2.1) lib/rails/command.rb:46:in `invoke'
railties (5.2.1) lib/rails/commands.rb:18:in `<top (required)>'
bin/rails:9:in `require'
bin/rails:9:in `<top (required)>'
spring (2.0.2) lib/spring/client/rails.rb:28:in `load'
spring (2.0.2) lib/spring/client/rails.rb:28:in `call'
spring (2.0.2) lib/spring/client/command.rb:7:in `call'
spring (2.0.2) lib/spring/client.rb:30:in `run'
spring (2.0.2) bin/spring:49:in `<top (required)>'
spring (2.0.2) lib/spring/binstub.rb:31:in `load'
spring (2.0.2) lib/spring/binstub.rb:31:in `<top (required)>'
bin/spring:15:in `require'
bin/spring:15:in `<top (required)>'
bin/rails:3:in `load'
bin/rails:3:in `<main>'
Started GET "/" for 127.0.0.1 at 2019-03-10 20:13:25 +0000
Processing by HomepageController#home as HTML
  Rendering homepage/home.html.haml within layouts/application
  Rendered layouts/_header.html.haml (4.7ms)
  Rendered layouts/_footer.html.haml (3.1ms)
  Rendered homepage/home.html.haml within layouts/application (13.6ms)
Completed 200 OK in 259ms (Views: 257.4ms | ActiveRecord: 0.0ms)


Started GET "/" for 127.0.0.1 at 2019-03-10 20:13:26 +0000
Processing by HomepageController#home as HTML
  Rendering homepage/home.html.haml within layouts/application
  Rendered layouts/_header.html.haml (1.0ms)
  Rendered layouts/_footer.html.haml (2.6ms)
  Rendered homepage/home.html.haml within layouts/application (5.6ms)
Completed 200 OK in 27ms (Views: 26.7ms | ActiveRecord: 0.0ms)


Started GET "/exercises" for 127.0.0.1 at 2019-03-10 20:13:31 +0000
  
ActionController::RoutingError (No route matches [GET] "/exercises"):
  
actionpack (5.2.1) lib/action_dispatch/middleware/debug_exceptions.rb:65:in `call'
web-console (3.7.0) lib/web_console/middleware.rb:135:in `call_app'
web-console (3.7.0) lib/web_console/middleware.rb:30:in `block in call'
web-console (3.7.0) lib/web_console/middleware.rb:20:in `catch'
web-console (3.7.0) lib/web_console/middleware.rb:20:in `call'
actionpack (5.2.1) lib/action_dispatch/middleware/show_exceptions.rb:33:in `call'
railties (5.2.1) lib/rails/rack/logger.rb:38:in `call_app'
railties (5.2.1) lib/rails/rack/logger.rb:26:in `block in call'
activesupport (5.2.1) lib/active_support/tagged_logging.rb:71:in `block in tagged'
activesupport (5.2.1) lib/active_support/tagged_logging.rb:28:in `tagged'
activesupport (5.2.1) lib/active_support/tagged_logging.rb:71:in `tagged'
railties (5.2.1) lib/rails/rack/logger.rb:26:in `call'
sprockets-rails (3.2.1) lib/sprockets/rails/quiet_assets.rb:13:in `call'
actionpack (5.2.1) lib/action_dispatch/middleware/remote_ip.rb:81:in `call'
request_store (1.4.1) lib/request_store/middleware.rb:19:in `call'
actionpack (5.2.1) lib/action_dispatch/middleware/request_id.rb:27:in `call'
rack (2.0.6) lib/rack/method_override.rb:22:in `call'
rack (2.0.6) lib/rack/runtime.rb:22:in `call'
activesupport (5.2.1) lib/active_support/cache/strategy/local_cache_middleware.rb:29:in `call'
actionpack (5.2.1) lib/action_dispatch/middleware/executor.rb:14:in `call'
actionpack (5.2.1) lib/action_dispatch/middleware/static.rb:127:in `call'
rack (2.0.6) lib/rack/sendfile.rb:111:in `call'
railties (5.2.1) lib/rails/engine.rb:524:in `call'
thin (1.7.2) lib/thin/connection.rb:86:in `block in pre_process'
thin (1.7.2) lib/thin/connection.rb:84:in `catch'
thin (1.7.2) lib/thin/connection.rb:84:in `pre_process'
thin (1.7.2) lib/thin/connection.rb:53:in `process'
thin (1.7.2) lib/thin/connection.rb:39:in `receive_data'
eventmachine (1.2.7) lib/eventmachine.rb:195:in `run_machine'
eventmachine (1.2.7) lib/eventmachine.rb:195:in `run'
thin (1.7.2) lib/thin/backends/base.rb:73:in `start'
thin (1.7.2) lib/thin/server.rb:162:in `start'
rack (2.0.6) lib/rack/handler/thin.rb:22:in `run'
rack (2.0.6) lib/rack/server.rb:297:in `start'
railties (5.2.1) lib/rails/commands/server/server_command.rb:53:in `start'
railties (5.2.1) lib/rails/commands/server/server_command.rb:147:in `block in perform'
railties (5.2.1) lib/rails/commands/server/server_command.rb:142:in `tap'
railties (5.2.1) lib/rails/commands/server/server_command.rb:142:in `perform'
thor (0.20.3) lib/thor/command.rb:27:in `run'
thor (0.20.3) lib/thor/invocation.rb:126:in `invoke_command'
thor (0.20.3) lib/thor.rb:387:in `dispatch'
railties (5.2.1) lib/rails/command/base.rb:65:in `perform'
railties (5.2.1) lib/rails/command.rb:46:in `invoke'
railties (5.2.1) lib/rails/commands.rb:18:in `<top (required)>'
bin/rails:9:in `require'
bin/rails:9:in `<top (required)>'
spring (2.0.2) lib/spring/client/rails.rb:28:in `load'
spring (2.0.2) lib/spring/client/rails.rb:28:in `call'
spring (2.0.2) lib/spring/client/command.rb:7:in `call'
spring (2.0.2) lib/spring/client.rb:30:in `run'
spring (2.0.2) bin/spring:49:in `<top (required)>'
spring (2.0.2) lib/spring/binstub.rb:31:in `load'
spring (2.0.2) lib/spring/binstub.rb:31:in `<top (required)>'
bin/spring:15:in `require'
bin/spring:15:in `<top (required)>'
bin/rails:3:in `load'
bin/rails:3:in `<main>'
Started GET "/" for 127.0.0.1 at 2019-03-10 20:13:33 +0000
Processing by HomepageController#home as HTML
  Rendering homepage/home.html.haml within layouts/application
  Rendered layouts/_header.html.haml (1.8ms)
  Rendered layouts/_footer.html.haml (3.1ms)
  Rendered homepage/home.html.haml within layouts/application (7.4ms)
Completed 200 OK in 27ms (Views: 26.1ms | ActiveRecord: 0.0ms)


Started GET "/" for 127.0.0.1 at 2019-03-10 20:16:20 +0000
Processing by HomepageController#home as HTML
  Rendering homepage/home.html.haml within layouts/application
  Rendered layouts/_header.html.haml (2.0ms)
  Rendered layouts/_footer.html.haml (11.6ms)
  Rendered homepage/home.html.haml within layouts/application (16.7ms)
Completed 200 OK in 42ms (Views: 41.4ms | ActiveRecord: 0.0ms)


Started GET "/" for 127.0.0.1 at 2019-03-10 20:16:45 +0000
Processing by HomepageController#home as HTML
  Rendering homepage/home.html.haml within layouts/application
  Rendered layouts/_header.html.haml (1.5ms)
  Rendered layouts/_footer.html.haml (3.6ms)
  Rendered homepage/home.html.haml within layouts/application (7.6ms)
Completed 200 OK in 45ms (Views: 44.2ms | ActiveRecord: 0.0ms)


Started GET "/" for 127.0.0.1 at 2019-03-10 20:17:24 +0000
Processing by HomepageController#home as HTML
  Rendering homepage/home.html.haml within layouts/application
  Rendered layouts/_header.html.haml (2.5ms)
  Rendered layouts/_footer.html.haml (6.5ms)
  Rendered homepage/home.html.haml within layouts/application (13.3ms)
Completed 200 OK in 56ms (Views: 54.8ms | ActiveRecord: 0.0ms)


Started GET "/" for 127.0.0.1 at 2019-03-10 20:17:40 +0000
Processing by HomepageController#home as HTML
  Rendering homepage/home.html.haml within layouts/application
  Rendered layouts/_header.html.haml (6.5ms)
  Rendered layouts/_footer.html.haml (10.6ms)
  Rendered homepage/home.html.haml within layouts/application (25.7ms)
Completed 200 OK in 115ms (Views: 112.9ms | ActiveRecord: 0.0ms)


Started GET "/" for 127.0.0.1 at 2019-03-10 20:17:47 +0000
Processing by HomepageController#home as HTML
  Rendering homepage/home.html.haml within layouts/application
  Rendered layouts/_header.html.haml (6.5ms)
  Rendered layouts/_footer.html.haml (10.9ms)
  Rendered homepage/home.html.haml within layouts/application (25.7ms)
Completed 200 OK in 104ms (Views: 102.4ms | ActiveRecord: 0.0ms)


Started GET "/" for 127.0.0.1 at 2019-03-10 20:18:25 +0000
Processing by HomepageController#home as HTML
  Rendering homepage/home.html.haml within layouts/application
  Rendered layouts/_header.html.haml (3.2ms)
  Rendered layouts/_footer.html.haml (5.8ms)
  Rendered homepage/home.html.haml within layouts/application (13.7ms)
Completed 200 OK in 83ms (Views: 82.1ms | ActiveRecord: 0.0ms)


Started GET "/" for 127.0.0.1 at 2019-03-10 20:18:44 +0000
Processing by HomepageController#home as HTML
  Rendering homepage/home.html.haml within layouts/application
  Rendered layouts/_header.html.haml (4.1ms)
  Rendered layouts/_footer.html.haml (8.3ms)
  Rendered homepage/home.html.haml within layouts/application (18.0ms)
Completed 200 OK in 66ms (Views: 64.8ms | ActiveRecord: 0.0ms)


Started GET "/" for 127.0.0.1 at 2019-03-10 20:18:54 +0000
Processing by HomepageController#home as HTML
  Rendering homepage/home.html.haml within layouts/application
  Rendered layouts/_header.html.haml (5.9ms)
  Rendered layouts/_footer.html.haml (14.6ms)
  Rendered homepage/home.html.haml within layouts/application (29.6ms)
Completed 200 OK in 115ms (Views: 113.6ms | ActiveRecord: 0.0ms)


Started GET "/" for 127.0.0.1 at 2019-03-10 20:19:08 +0000
Processing by HomepageController#home as HTML
  Rendering homepage/home.html.haml within layouts/application
  Rendered layouts/_header.html.haml (2.8ms)
  Rendered layouts/_footer.html.haml (6.7ms)
  Rendered homepage/home.html.haml within layouts/application (14.2ms)
Completed 200 OK in 55ms (Views: 54.2ms | ActiveRecord: 0.0ms)


Started GET "/" for 127.0.0.1 at 2019-03-10 20:19:39 +0000
Processing by HomepageController#home as HTML
  Rendering homepage/home.html.haml within layouts/application
  Rendered layouts/_header.html.haml (1.8ms)
  Rendered layouts/_footer.html.haml (3.7ms)
  Rendered homepage/home.html.haml within layouts/application (7.9ms)
Completed 200 OK in 26ms (Views: 25.7ms | ActiveRecord: 0.0ms)


Started GET "/" for 127.0.0.1 at 2019-03-10 20:21:49 +0000
Processing by HomepageController#home as HTML
  Rendering homepage/home.html.haml within layouts/application
  Rendered layouts/_header.html.haml (1.6ms)
  Rendered layouts/_footer.html.haml (4.1ms)
  Rendered homepage/home.html.haml within layouts/application (8.4ms)
Completed 200 OK in 52ms (Views: 51.4ms | ActiveRecord: 0.0ms)


Started GET "/" for 127.0.0.1 at 2019-03-10 20:22:02 +0000
Processing by HomepageController#home as HTML
  Rendering homepage/home.html.haml within layouts/application
  Rendered layouts/_header.html.haml (2.1ms)
  Rendered layouts/_footer.html.haml (3.9ms)
  Rendered homepage/home.html.haml within layouts/application (9.4ms)
Completed 200 OK in 32ms (Views: 31.6ms | ActiveRecord: 0.0ms)


Started GET "/" for 127.0.0.1 at 2019-03-10 20:22:13 +0000
Processing by HomepageController#home as HTML
  Rendering homepage/home.html.haml within layouts/application
  Rendered layouts/_header.html.haml (3.8ms)
  Rendered layouts/_footer.html.haml (5.8ms)
  Rendered homepage/home.html.haml within layouts/application (16.6ms)
Completed 200 OK in 46ms (Views: 44.1ms | ActiveRecord: 0.0ms)


Started GET "/" for 127.0.0.1 at 2019-03-10 20:23:01 +0000
Processing by HomepageController#home as HTML
  Rendering homepage/home.html.haml within layouts/application
  Rendered layouts/_header.html.haml (2.3ms)
  Rendered layouts/_footer.html.haml (3.5ms)
  Rendered homepage/home.html.haml within layouts/application (8.4ms)
Completed 200 OK in 47ms (Views: 46.5ms | ActiveRecord: 0.0ms)


Started GET "/" for 127.0.0.1 at 2019-03-10 20:23:08 +0000
Processing by HomepageController#home as HTML
  Rendering homepage/home.html.haml within layouts/application
  Rendered layouts/_header.html.haml (1.5ms)
  Rendered layouts/_footer.html.haml (10.5ms)
  Rendered homepage/home.html.haml within layouts/application (14.4ms)
Completed 200 OK in 57ms (Views: 55.9ms | ActiveRecord: 0.0ms)


Started GET "/" for 127.0.0.1 at 2019-03-10 20:23:16 +0000
Processing by HomepageController#home as HTML
  Rendering homepage/home.html.haml within layouts/application
  Rendered layouts/_header.html.haml (1.7ms)
  Rendered layouts/_footer.html.haml (3.0ms)
  Rendered homepage/home.html.haml within layouts/application (7.1ms)
Completed 200 OK in 45ms (Views: 44.5ms | ActiveRecord: 0.0ms)


Started GET "/exercises/index" for 127.0.0.1 at 2019-03-10 20:26:27 +0000
Processing by ExercisesController#index as HTML
  Rendering exercises/index.html.haml within layouts/application
  Rendered exercises/index.html.haml within layouts/application (5.0ms)
Completed 200 OK in 198ms (Views: 197.4ms | ActiveRecord: 0.0ms)


Started GET "/" for 127.0.0.1 at 2019-03-10 20:27:19 +0000
Processing by HomepageController#home as HTML
  Rendering homepage/home.html.haml within layouts/application
  Rendered layouts/_header.html.haml (1.7ms)
  Rendered layouts/_footer.html.haml (3.4ms)
  Rendered homepage/home.html.haml within layouts/application (8.0ms)
Completed 200 OK in 68ms (Views: 67.5ms | ActiveRecord: 0.0ms)


Started GET "/workouts/index" for 127.0.0.1 at 2019-03-10 20:28:12 +0000
Processing by WorkoutsController#index as HTML
  Rendering workouts/index.html.haml within layouts/application
  Rendered workouts/index.html.haml within layouts/application (1.2ms)
Completed 200 OK in 54ms (Views: 53.4ms | ActiveRecord: 0.0ms)


Started GET "/workouts/index" for 127.0.0.1 at 2019-03-10 20:29:38 +0000
Processing by WorkoutsController#index as HTML
  Rendering workouts/index.html.haml within layouts/application
  Rendered layouts/_header.html.haml (1.4ms)
  Rendered layouts/_footer.html.haml (3.1ms)
  Rendered workouts/index.html.haml within layouts/application (6.8ms)
Completed 200 OK in 33ms (Views: 32.7ms | ActiveRecord: 0.0ms)


Started GET "/exercises" for 127.0.0.1 at 2019-03-10 20:29:40 +0000
  
ActionController::RoutingError (No route matches [GET] "/exercises"):
  
actionpack (5.2.1) lib/action_dispatch/middleware/debug_exceptions.rb:65:in `call'
web-console (3.7.0) lib/web_console/middleware.rb:135:in `call_app'
web-console (3.7.0) lib/web_console/middleware.rb:30:in `block in call'
web-console (3.7.0) lib/web_console/middleware.rb:20:in `catch'
web-console (3.7.0) lib/web_console/middleware.rb:20:in `call'
actionpack (5.2.1) lib/action_dispatch/middleware/show_exceptions.rb:33:in `call'
railties (5.2.1) lib/rails/rack/logger.rb:38:in `call_app'
railties (5.2.1) lib/rails/rack/logger.rb:26:in `block in call'
activesupport (5.2.1) lib/active_support/tagged_logging.rb:71:in `block in tagged'
activesupport (5.2.1) lib/active_support/tagged_logging.rb:28:in `tagged'
activesupport (5.2.1) lib/active_support/tagged_logging.rb:71:in `tagged'
railties (5.2.1) lib/rails/rack/logger.rb:26:in `call'
sprockets-rails (3.2.1) lib/sprockets/rails/quiet_assets.rb:13:in `call'
actionpack (5.2.1) lib/action_dispatch/middleware/remote_ip.rb:81:in `call'
request_store (1.4.1) lib/request_store/middleware.rb:19:in `call'
actionpack (5.2.1) lib/action_dispatch/middleware/request_id.rb:27:in `call'
rack (2.0.6) lib/rack/method_override.rb:22:in `call'
rack (2.0.6) lib/rack/runtime.rb:22:in `call'
activesupport (5.2.1) lib/active_support/cache/strategy/local_cache_middleware.rb:29:in `call'
actionpack (5.2.1) lib/action_dispatch/middleware/executor.rb:14:in `call'
actionpack (5.2.1) lib/action_dispatch/middleware/static.rb:127:in `call'
rack (2.0.6) lib/rack/sendfile.rb:111:in `call'
railties (5.2.1) lib/rails/engine.rb:524:in `call'
thin (1.7.2) lib/thin/connection.rb:86:in `block in pre_process'
thin (1.7.2) lib/thin/connection.rb:84:in `catch'
thin (1.7.2) lib/thin/connection.rb:84:in `pre_process'
thin (1.7.2) lib/thin/connection.rb:53:in `process'
thin (1.7.2) lib/thin/connection.rb:39:in `receive_data'
eventmachine (1.2.7) lib/eventmachine.rb:195:in `run_machine'
eventmachine (1.2.7) lib/eventmachine.rb:195:in `run'
thin (1.7.2) lib/thin/backends/base.rb:73:in `start'
thin (1.7.2) lib/thin/server.rb:162:in `start'
rack (2.0.6) lib/rack/handler/thin.rb:22:in `run'
rack (2.0.6) lib/rack/server.rb:297:in `start'
railties (5.2.1) lib/rails/commands/server/server_command.rb:53:in `start'
railties (5.2.1) lib/rails/commands/server/server_command.rb:147:in `block in perform'
railties (5.2.1) lib/rails/commands/server/server_command.rb:142:in `tap'
railties (5.2.1) lib/rails/commands/server/server_command.rb:142:in `perform'
thor (0.20.3) lib/thor/command.rb:27:in `run'
thor (0.20.3) lib/thor/invocation.rb:126:in `invoke_command'
thor (0.20.3) lib/thor.rb:387:in `dispatch'
railties (5.2.1) lib/rails/command/base.rb:65:in `perform'
railties (5.2.1) lib/rails/command.rb:46:in `invoke'
railties (5.2.1) lib/rails/commands.rb:18:in `<top (required)>'
bin/rails:9:in `require'
bin/rails:9:in `<top (required)>'
spring (2.0.2) lib/spring/client/rails.rb:28:in `load'
spring (2.0.2) lib/spring/client/rails.rb:28:in `call'
spring (2.0.2) lib/spring/client/command.rb:7:in `call'
spring (2.0.2) lib/spring/client.rb:30:in `run'
spring (2.0.2) bin/spring:49:in `<top (required)>'
spring (2.0.2) lib/spring/binstub.rb:31:in `load'
spring (2.0.2) lib/spring/binstub.rb:31:in `<top (required)>'
bin/spring:15:in `require'
bin/spring:15:in `<top (required)>'
bin/rails:3:in `load'
bin/rails:3:in `<main>'
Started GET "/workouts/index" for 127.0.0.1 at 2019-03-10 20:29:43 +0000
Processing by WorkoutsController#index as HTML
  Rendering workouts/index.html.haml within layouts/application
  Rendered layouts/_header.html.haml (2.2ms)
  Rendered layouts/_footer.html.haml (4.2ms)
  Rendered workouts/index.html.haml within layouts/application (9.9ms)
Completed 200 OK in 42ms (Views: 41.5ms | ActiveRecord: 0.0ms)


Started GET "/exercises" for 127.0.0.1 at 2019-03-10 20:31:51 +0000
  
SyntaxError (/home/james/work/dissertation/config/routes.rb:6: syntax error, unexpected tSTRING_BEG, expecting keyword_do or '{' or '('
get 'exercises', redirect_to 'exercises/index'
                              ^):
  
config/routes.rb:6: syntax error, unexpected tSTRING_BEG, expecting keyword_do or '{' or '('
Started GET "/exercises" for 127.0.0.1 at 2019-03-10 20:32:26 +0000
  
ArgumentError (Missing :controller key on routes definition, please check your routes.):
  
config/routes.rb:6:in `block in <top (required)>'
config/routes.rb:1:in `<top (required)>'
Started GET "/exercises" for 127.0.0.1 at 2019-03-10 20:38:20 +0000
Started GET "/exercises/index" for 127.0.0.1 at 2019-03-10 20:38:20 +0000
Processing by ExercisesController#index as HTML
  Rendering exercises/index.html.haml within layouts/application
  Rendered layouts/_header.html.haml (3.8ms)
  Rendered layouts/_footer.html.haml (4.0ms)
  Rendered exercises/index.html.haml within layouts/application (13.9ms)
Completed 200 OK in 202ms (Views: 201.5ms | ActiveRecord: 0.0ms)


Started GET "/exercises/index" for 127.0.0.1 at 2019-03-10 20:39:27 +0000
Processing by ExercisesController#index as HTML
  Rendering exercises/index.html.haml within layouts/application
  Rendered layouts/_header.html.haml (1.1ms)
  Rendered layouts/_footer.html.haml (2.4ms)
  Rendered exercises/index.html.haml within layouts/application (5.5ms)
Completed 200 OK in 38ms (Views: 37.2ms | ActiveRecord: 0.0ms)


Started GET "/logs/index" for 127.0.0.1 at 2019-03-10 20:39:31 +0000
Processing by LogsController#index as HTML
  Rendering logs/index.html.haml within layouts/application
  Rendered layouts/_header.html.haml (1.1ms)
  Rendered layouts/_footer.html.haml (3.6ms)
  Rendered logs/index.html.haml within layouts/application (6.7ms)
Completed 200 OK in 30ms (Views: 29.7ms | ActiveRecord: 0.0ms)


Started GET "/logs" for 127.0.0.1 at 2019-03-10 20:39:35 +0000
Started GET "/logs/index" for 127.0.0.1 at 2019-03-10 20:39:35 +0000
Processing by LogsController#index as HTML
  Rendering logs/index.html.haml within layouts/application
  Rendered layouts/_header.html.haml (1.1ms)
  Rendered layouts/_footer.html.haml (2.4ms)
  Rendered logs/index.html.haml within layouts/application (5.5ms)
Completed 200 OK in 31ms (Views: 30.3ms | ActiveRecord: 0.0ms)


Started GET "/exercises" for 127.0.0.1 at 2019-03-10 20:39:37 +0000
Started GET "/exercises/index" for 127.0.0.1 at 2019-03-10 20:39:37 +0000
Processing by ExercisesController#index as HTML
  Rendering exercises/index.html.haml within layouts/application
  Rendered layouts/_header.html.haml (1.6ms)
  Rendered layouts/_footer.html.haml (2.6ms)
  Rendered exercises/index.html.haml within layouts/application (7.1ms)
Completed 200 OK in 39ms (Views: 38.1ms | ActiveRecord: 0.0ms)


Started GET "/workouts" for 127.0.0.1 at 2019-03-10 20:39:38 +0000
Started GET "/workouts/index" for 127.0.0.1 at 2019-03-10 20:39:38 +0000
Processing by WorkoutsController#index as HTML
  Rendering workouts/index.html.haml within layouts/application
  Rendered layouts/_header.html.haml (2.5ms)
  Rendered layouts/_footer.html.haml (4.2ms)
  Rendered workouts/index.html.haml within layouts/application (10.9ms)
Completed 200 OK in 39ms (Views: 38.1ms | ActiveRecord: 0.0ms)


Started GET "/logs" for 127.0.0.1 at 2019-03-10 20:39:39 +0000
Started GET "/logs/index" for 127.0.0.1 at 2019-03-10 20:39:39 +0000
Processing by LogsController#index as HTML
  Rendering logs/index.html.haml within layouts/application
  Rendered layouts/_header.html.haml (2.2ms)
  Rendered layouts/_footer.html.haml (4.3ms)
  Rendered logs/index.html.haml within layouts/application (9.9ms)
Completed 200 OK in 32ms (Views: 31.4ms | ActiveRecord: 0.0ms)


Started GET "/progress" for 127.0.0.1 at 2019-03-10 20:39:40 +0000
Started GET "/progress/index" for 127.0.0.1 at 2019-03-10 20:39:40 +0000
Processing by ProgressController#index as HTML
  Rendering progress/index.html.haml within layouts/application
  Rendered layouts/_header.html.haml (2.1ms)
  Rendered layouts/_footer.html.haml (2.3ms)
  Rendered progress/index.html.haml within layouts/application (7.2ms)
Completed 200 OK in 33ms (Views: 32.4ms | ActiveRecord: 0.0ms)


Started GET "/" for 127.0.0.1 at 2019-03-10 20:39:41 +0000
Processing by HomepageController#home as HTML
  Rendering homepage/home.html.haml within layouts/application
  Rendered layouts/_header.html.haml (11.4ms)
  Rendered layouts/_footer.html.haml (3.8ms)
  Rendered homepage/home.html.haml within layouts/application (21.5ms)
Completed 200 OK in 53ms (Views: 51.4ms | ActiveRecord: 0.0ms)


Started GET "/" for 127.0.0.1 at 2019-03-10 20:39:42 +0000
Processing by HomepageController#home as HTML
  Rendering homepage/home.html.haml within layouts/application
  Rendered layouts/_header.html.haml (6.0ms)
  Rendered layouts/_footer.html.haml (10.6ms)
  Rendered homepage/home.html.haml within layouts/application (26.4ms)
Completed 200 OK in 63ms (Views: 61.0ms | ActiveRecord: 0.0ms)


Started GET "/exercises" for 127.0.0.1 at 2019-03-10 20:39:44 +0000
Started GET "/exercises/index" for 127.0.0.1 at 2019-03-10 20:39:44 +0000
Processing by ExercisesController#index as HTML
  Rendering exercises/index.html.haml within layouts/application
  Rendered layouts/_header.html.haml (2.5ms)
  Rendered layouts/_footer.html.haml (4.2ms)
  Rendered exercises/index.html.haml within layouts/application (10.8ms)
Completed 200 OK in 39ms (Views: 38.2ms | ActiveRecord: 0.0ms)


Started GET "/workouts" for 127.0.0.1 at 2019-03-10 20:39:45 +0000
Started GET "/workouts/index" for 127.0.0.1 at 2019-03-10 20:39:45 +0000
Processing by WorkoutsController#index as HTML
  Rendering workouts/index.html.haml within layouts/application
  Rendered layouts/_header.html.haml (2.0ms)
  Rendered layouts/_footer.html.haml (3.7ms)
  Rendered workouts/index.html.haml within layouts/application (9.1ms)
Completed 200 OK in 44ms (Views: 43.1ms | ActiveRecord: 0.0ms)


Started GET "/logs" for 127.0.0.1 at 2019-03-10 20:39:46 +0000
Started GET "/logs/index" for 127.0.0.1 at 2019-03-10 20:39:46 +0000
Processing by LogsController#index as HTML
  Rendering logs/index.html.haml within layouts/application
  Rendered layouts/_header.html.haml (2.3ms)
  Rendered layouts/_footer.html.haml (3.7ms)
  Rendered logs/index.html.haml within layouts/application (9.5ms)
Completed 200 OK in 38ms (Views: 37.9ms | ActiveRecord: 0.0ms)


Started GET "/progress" for 127.0.0.1 at 2019-03-10 20:39:48 +0000
Started GET "/progress/index" for 127.0.0.1 at 2019-03-10 20:39:48 +0000
Processing by ProgressController#index as HTML
  Rendering progress/index.html.haml within layouts/application
  Rendered layouts/_header.html.haml (1.1ms)
  Rendered layouts/_footer.html.haml (3.6ms)
  Rendered progress/index.html.haml within layouts/application (7.0ms)
Completed 200 OK in 33ms (Views: 32.7ms | ActiveRecord: 0.0ms)


Started GET "/progress" for 127.0.0.1 at 2019-03-10 20:41:33 +0000
Started GET "/progress/index" for 127.0.0.1 at 2019-03-10 20:41:34 +0000
Processing by ProgressController#index as HTML
  Rendering progress/index.html.haml within layouts/application
  Rendered layouts/_header.html.haml (3.8ms)
  Rendered layouts/_footer.html.haml (5.6ms)
  Rendered progress/index.html.haml within layouts/application (16.6ms)
Completed 200 OK in 211ms (Views: 210.1ms | ActiveRecord: 0.0ms)


Started GET "/exercises" for 127.0.0.1 at 2019-03-10 20:41:35 +0000
Started GET "/exercises/index" for 127.0.0.1 at 2019-03-10 20:41:35 +0000
Processing by ExercisesController#index as HTML
  Rendering exercises/index.html.haml within layouts/application
  Rendered layouts/_header.html.haml (2.4ms)
  Rendered layouts/_footer.html.haml (3.8ms)
  Rendered exercises/index.html.haml within layouts/application (9.2ms)
Completed 200 OK in 33ms (Views: 32.1ms | ActiveRecord: 0.0ms)


Started GET "/workouts" for 127.0.0.1 at 2019-03-10 20:41:36 +0000
Started GET "/workouts/index" for 127.0.0.1 at 2019-03-10 20:41:36 +0000
Processing by WorkoutsController#index as HTML
  Rendering workouts/index.html.haml within layouts/application
  Rendered layouts/_header.html.haml (1.2ms)
  Rendered layouts/_footer.html.haml (2.2ms)
  Rendered workouts/index.html.haml within layouts/application (5.4ms)
Completed 200 OK in 37ms (Views: 35.9ms | ActiveRecord: 0.0ms)


Started GET "/logs" for 127.0.0.1 at 2019-03-10 20:41:37 +0000
Started GET "/logs/index" for 127.0.0.1 at 2019-03-10 20:41:37 +0000
Processing by LogsController#index as HTML
  Rendering logs/index.html.haml within layouts/application
  Rendered layouts/_header.html.haml (1.8ms)
  Rendered layouts/_footer.html.haml (5.0ms)
  Rendered logs/index.html.haml within layouts/application (9.9ms)
Completed 200 OK in 36ms (Views: 35.3ms | ActiveRecord: 0.0ms)


Started GET "/progress" for 127.0.0.1 at 2019-03-10 20:41:37 +0000
Started GET "/progress/index" for 127.0.0.1 at 2019-03-10 20:41:37 +0000
Processing by ProgressController#index as HTML
  Rendering progress/index.html.haml within layouts/application
  Rendered layouts/_header.html.haml (1.3ms)
  Rendered layouts/_footer.html.haml (2.8ms)
  Rendered progress/index.html.haml within layouts/application (6.2ms)
Completed 200 OK in 30ms (Views: 29.3ms | ActiveRecord: 0.0ms)


Started GET "/more" for 127.0.0.1 at 2019-03-10 20:41:38 +0000
  
ActionController::RoutingError (No route matches [GET] "/more"):
  
actionpack (5.2.1) lib/action_dispatch/middleware/debug_exceptions.rb:65:in `call'
web-console (3.7.0) lib/web_console/middleware.rb:135:in `call_app'
web-console (3.7.0) lib/web_console/middleware.rb:30:in `block in call'
web-console (3.7.0) lib/web_console/middleware.rb:20:in `catch'
web-console (3.7.0) lib/web_console/middleware.rb:20:in `call'
actionpack (5.2.1) lib/action_dispatch/middleware/show_exceptions.rb:33:in `call'
railties (5.2.1) lib/rails/rack/logger.rb:38:in `call_app'
railties (5.2.1) lib/rails/rack/logger.rb:26:in `block in call'
activesupport (5.2.1) lib/active_support/tagged_logging.rb:71:in `block in tagged'
activesupport (5.2.1) lib/active_support/tagged_logging.rb:28:in `tagged'
activesupport (5.2.1) lib/active_support/tagged_logging.rb:71:in `tagged'
railties (5.2.1) lib/rails/rack/logger.rb:26:in `call'
sprockets-rails (3.2.1) lib/sprockets/rails/quiet_assets.rb:13:in `call'
actionpack (5.2.1) lib/action_dispatch/middleware/remote_ip.rb:81:in `call'
request_store (1.4.1) lib/request_store/middleware.rb:19:in `call'
actionpack (5.2.1) lib/action_dispatch/middleware/request_id.rb:27:in `call'
rack (2.0.6) lib/rack/method_override.rb:22:in `call'
rack (2.0.6) lib/rack/runtime.rb:22:in `call'
activesupport (5.2.1) lib/active_support/cache/strategy/local_cache_middleware.rb:29:in `call'
actionpack (5.2.1) lib/action_dispatch/middleware/executor.rb:14:in `call'
actionpack (5.2.1) lib/action_dispatch/middleware/static.rb:127:in `call'
rack (2.0.6) lib/rack/sendfile.rb:111:in `call'
railties (5.2.1) lib/rails/engine.rb:524:in `call'
thin (1.7.2) lib/thin/connection.rb:86:in `block in pre_process'
thin (1.7.2) lib/thin/connection.rb:84:in `catch'
thin (1.7.2) lib/thin/connection.rb:84:in `pre_process'
thin (1.7.2) lib/thin/connection.rb:53:in `process'
thin (1.7.2) lib/thin/connection.rb:39:in `receive_data'
eventmachine (1.2.7) lib/eventmachine.rb:195:in `run_machine'
eventmachine (1.2.7) lib/eventmachine.rb:195:in `run'
thin (1.7.2) lib/thin/backends/base.rb:73:in `start'
thin (1.7.2) lib/thin/server.rb:162:in `start'
rack (2.0.6) lib/rack/handler/thin.rb:22:in `run'
rack (2.0.6) lib/rack/server.rb:297:in `start'
railties (5.2.1) lib/rails/commands/server/server_command.rb:53:in `start'
railties (5.2.1) lib/rails/commands/server/server_command.rb:147:in `block in perform'
railties (5.2.1) lib/rails/commands/server/server_command.rb:142:in `tap'
railties (5.2.1) lib/rails/commands/server/server_command.rb:142:in `perform'
thor (0.20.3) lib/thor/command.rb:27:in `run'
thor (0.20.3) lib/thor/invocation.rb:126:in `invoke_command'
thor (0.20.3) lib/thor.rb:387:in `dispatch'
railties (5.2.1) lib/rails/command/base.rb:65:in `perform'
railties (5.2.1) lib/rails/command.rb:46:in `invoke'
railties (5.2.1) lib/rails/commands.rb:18:in `<top (required)>'
bin/rails:9:in `require'
bin/rails:9:in `<top (required)>'
spring (2.0.2) lib/spring/client/rails.rb:28:in `load'
spring (2.0.2) lib/spring/client/rails.rb:28:in `call'
spring (2.0.2) lib/spring/client/command.rb:7:in `call'
spring (2.0.2) lib/spring/client.rb:30:in `run'
spring (2.0.2) bin/spring:49:in `<top (required)>'
spring (2.0.2) lib/spring/binstub.rb:31:in `load'
spring (2.0.2) lib/spring/binstub.rb:31:in `<top (required)>'
bin/spring:15:in `require'
bin/spring:15:in `<top (required)>'
bin/rails:3:in `load'
bin/rails:3:in `<main>'
Started GET "/progress" for 127.0.0.1 at 2019-03-10 20:41:40 +0000
Started GET "/progress/index" for 127.0.0.1 at 2019-03-10 20:41:40 +0000
Processing by ProgressController#index as HTML
  Rendering progress/index.html.haml within layouts/application
  Rendered layouts/_header.html.haml (2.3ms)
  Rendered layouts/_footer.html.haml (3.7ms)
  Rendered progress/index.html.haml within layouts/application (9.1ms)
Completed 200 OK in 43ms (Views: 42.8ms | ActiveRecord: 0.0ms)


Started GET "/" for 127.0.0.1 at 2019-03-10 20:41:42 +0000
Processing by HomepageController#home as HTML
  Rendering homepage/home.html.haml within layouts/application
  Rendered layouts/_header.html.haml (2.2ms)
  Rendered layouts/_footer.html.haml (4.7ms)
  Rendered homepage/home.html.haml within layouts/application (10.2ms)
Completed 200 OK in 44ms (Views: 43.1ms | ActiveRecord: 0.0ms)


  [1m[35m (19.8ms)[0m  [1m[34mSELECT pg_try_advisory_lock(389766739450324740)[0m
   bin/rails:9
  [1m[35m (19.5ms)[0m  [1m[34mSELECT "schema_migrations"."version" FROM "schema_migrations" ORDER BY "schema_migrations"."version" ASC[0m
   bin/rails:9
Migrating to DeviseCreateUsers (20190311214409)
  [1m[35m (18.2ms)[0m  [1m[35mBEGIN[0m
   bin/rails:9
  [1m[35m (52.8ms)[0m  [1m[35mCREATE TABLE "users" ("id" bigserial primary key, "email" character varying DEFAULT '' NOT NULL, "encrypted_password" character varying DEFAULT '' NOT NULL, "reset_password_token" character varying, "reset_password_sent_at" timestamp, "remember_created_at" timestamp, "created_at" timestamp NOT NULL, "updated_at" timestamp NOT NULL)[0m
   db/migrate/20190311214409_devise_create_users.rb:5
  [1m[35m (23.7ms)[0m  [1m[35mCREATE UNIQUE INDEX  "index_users_on_email" ON "users"  ("email")[0m
   db/migrate/20190311214409_devise_create_users.rb:39
  [1m[35m (38.3ms)[0m  [1m[35mCREATE UNIQUE INDEX  "index_users_on_reset_password_token" ON "users"  ("reset_password_token")[0m
   db/migrate/20190311214409_devise_create_users.rb:40
  [1m[36mActiveRecord::SchemaMigration Create (21.4ms)[0m  [1m[32mINSERT INTO "schema_migrations" ("version") VALUES ($1) RETURNING "version"[0m  [["version", "20190311214409"]]
   bin/rails:9
  [1m[35m (22.5ms)[0m  [1m[35mCOMMIT[0m
   bin/rails:9
  [1m[36mActiveRecord::InternalMetadata Load (19.1ms)[0m  [1m[34mSELECT  "ar_internal_metadata".* FROM "ar_internal_metadata" WHERE "ar_internal_metadata"."key" = $1 LIMIT $2[0m  [["key", "environment"], ["LIMIT", 1]]
   bin/rails:9
  [1m[35m (19.3ms)[0m  [1m[35mBEGIN[0m
   bin/rails:9
  [1m[35m (18.1ms)[0m  [1m[35mCOMMIT[0m
   bin/rails:9
  [1m[35m (18.2ms)[0m  [1m[34mSELECT pg_advisory_unlock(389766739450324740)[0m
   bin/rails:9
  [1m[35m (18.2ms)[0m  [1m[34mSELECT "schema_migrations"."version" FROM "schema_migrations" ORDER BY "schema_migrations"."version" ASC[0m
   bin/rails:9
  [1m[35m (19.7ms)[0m  [1m[34mSELECT "schema_migrations"."version" FROM "schema_migrations" ORDER BY "schema_migrations"."version" ASC[0m
   bin/rails:9
  [1m[36mUser Load (20.8ms)[0m  [1m[34mSELECT  "users".* FROM "users" WHERE "users"."email" = $1 ORDER BY "users"."id" ASC LIMIT $2[0m  [["email", "jacotcher1@sheffield.ac.uk"], ["LIMIT", 1]]
   db/seeds.rb:9
  [1m[35m (17.3ms)[0m  [1m[35mBEGIN[0m
   db/seeds.rb:9
  [1m[36mUser Exists (16.9ms)[0m  [1m[34mSELECT  1 AS one FROM "users" WHERE "users"."email" = $1 LIMIT $2[0m  [["email", "jacotcher1@sheffield.ac.uk"], ["LIMIT", 1]]
   db/seeds.rb:9
  [1m[35m (17.7ms)[0m  [1m[31mROLLBACK[0m
   db/seeds.rb:9
Started GET "/" for 127.0.0.1 at 2019-03-11 22:11:54 +0000
  [1m[35m (18.8ms)[0m  [1m[34mSELECT "schema_migrations"."version" FROM "schema_migrations" ORDER BY "schema_migrations"."version" ASC[0m
   bin/rails:9
Processing by HomepageController#home as HTML
Completed 401 Unauthorized in 5ms (ActiveRecord: 0.0ms)


Started GET "/users/sign_in" for 127.0.0.1 at 2019-03-11 22:11:54 +0000
Processing by Devise::SessionsController#new as HTML
  Rendering /home/james/.rvm/gems/ruby-2.4.4/gems/devise-4.6.1/app/views/devise/sessions/new.html.erb within layouts/application
  Rendered /home/james/.rvm/gems/ruby-2.4.4/gems/devise-4.6.1/app/views/devise/shared/_links.html.erb (1.4ms)
  Rendered /home/james/.rvm/gems/ruby-2.4.4/gems/devise-4.6.1/app/views/devise/sessions/new.html.erb within layouts/application (28.7ms)
Completed 200 OK in 504ms (Views: 425.4ms | ActiveRecord: 59.6ms)


Started POST "/users/sign_in" for 127.0.0.1 at 2019-03-11 22:12:01 +0000
Processing by Devise::SessionsController#create as HTML
  Parameters: {"utf8"=>"", "authenticity_token"=>"GTGopl3086Hr0mAIvtkYUZ5MNbLyI3+G0v4bFujWlROBMdO1NLvuRGrfiH8oLcyUpE33UkI75t8X1Et4uXZ9hw==", "user"=>{"email"=>"jacotcher1@sheffield.ac.uk", "password"=>"[FILTERED]", "remember_me"=>"0"}, "commit"=>"Log in"}
  [1m[36mUser Load (20.8ms)[0m  [1m[34mSELECT  "users".* FROM "users" WHERE "users"."email" = $1 ORDER BY "users"."id" ASC LIMIT $2[0m  [["email", "jacotcher1@sheffield.ac.uk"], ["LIMIT", 1]]
   bin/rails:9
Completed 401 Unauthorized in 24ms (ActiveRecord: 20.8ms)


Processing by Devise::SessionsController#new as HTML
  Parameters: {"utf8"=>"", "authenticity_token"=>"GTGopl3086Hr0mAIvtkYUZ5MNbLyI3+G0v4bFujWlROBMdO1NLvuRGrfiH8oLcyUpE33UkI75t8X1Et4uXZ9hw==", "user"=>{"email"=>"jacotcher1@sheffield.ac.uk", "password"=>"[FILTERED]", "remember_me"=>"0"}, "commit"=>"Log in"}
  Rendering /home/james/.rvm/gems/ruby-2.4.4/gems/devise-4.6.1/app/views/devise/sessions/new.html.erb within layouts/application
  Rendered /home/james/.rvm/gems/ruby-2.4.4/gems/devise-4.6.1/app/views/devise/shared/_links.html.erb (0.7ms)
  Rendered /home/james/.rvm/gems/ruby-2.4.4/gems/devise-4.6.1/app/views/devise/sessions/new.html.erb within layouts/application (3.6ms)
Completed 200 OK in 142ms (Views: 26.6ms | ActiveRecord: 0.0ms)


Started POST "/users/sign_in" for 127.0.0.1 at 2019-03-11 22:12:10 +0000
Processing by Devise::SessionsController#create as HTML
  Parameters: {"utf8"=>"", "authenticity_token"=>"fub09siWh60hh4S/NVVpf4k5EGFuGHX2jERD6tcdMcHm5o/lodmaSKCKbMijob26szjSgd4A7K9JbhOEhr3ZVQ==", "user"=>{"email"=>"jacotcher1@sheffield.ac.uk", "password"=>"[FILTERED]", "remember_me"=>"0"}, "commit"=>"Log in"}
  [1m[36mUser Load (17.9ms)[0m  [1m[34mSELECT  "users".* FROM "users" WHERE "users"."email" = $1 ORDER BY "users"."id" ASC LIMIT $2[0m  [["email", "jacotcher1@sheffield.ac.uk"], ["LIMIT", 1]]
   bin/rails:9
Completed 401 Unauthorized in 20ms (ActiveRecord: 17.9ms)


Processing by Devise::SessionsController#new as HTML
  Parameters: {"utf8"=>"", "authenticity_token"=>"fub09siWh60hh4S/NVVpf4k5EGFuGHX2jERD6tcdMcHm5o/lodmaSKCKbMijob26szjSgd4A7K9JbhOEhr3ZVQ==", "user"=>{"email"=>"jacotcher1@sheffield.ac.uk", "password"=>"[FILTERED]", "remember_me"=>"0"}, "commit"=>"Log in"}
  Rendering /home/james/.rvm/gems/ruby-2.4.4/gems/devise-4.6.1/app/views/devise/sessions/new.html.erb within layouts/application
  Rendered /home/james/.rvm/gems/ruby-2.4.4/gems/devise-4.6.1/app/views/devise/shared/_links.html.erb (0.7ms)
  Rendered /home/james/.rvm/gems/ruby-2.4.4/gems/devise-4.6.1/app/views/devise/sessions/new.html.erb within layouts/application (4.0ms)
Completed 200 OK in 144ms (Views: 26.9ms | ActiveRecord: 0.0ms)


Started POST "/users/sign_in" for 127.0.0.1 at 2019-03-11 22:12:25 +0000
Processing by Devise::SessionsController#create as HTML
  Parameters: {"utf8"=>"", "authenticity_token"=>"4cUmLDwzSoxZfNypnXr2TFXReBn9cLyMy68D8beOb5R5xV0/VXxXadhxNN4LjiKJb9C6+U1oJdUOhVOf5i6HAA==", "user"=>{"email"=>"jacotcher1@sheffield.ac.uk", "password"=>"[FILTERED]", "remember_me"=>"1"}, "commit"=>"Log in"}
  [1m[36mUser Load (20.9ms)[0m  [1m[34mSELECT  "users".* FROM "users" WHERE "users"."email" = $1 ORDER BY "users"."id" ASC LIMIT $2[0m  [["email", "jacotcher1@sheffield.ac.uk"], ["LIMIT", 1]]
   bin/rails:9
Completed 401 Unauthorized in 23ms (ActiveRecord: 20.9ms)


Processing by Devise::SessionsController#new as HTML
  Parameters: {"utf8"=>"", "authenticity_token"=>"4cUmLDwzSoxZfNypnXr2TFXReBn9cLyMy68D8beOb5R5xV0/VXxXadhxNN4LjiKJb9C6+U1oJdUOhVOf5i6HAA==", "user"=>{"email"=>"jacotcher1@sheffield.ac.uk", "password"=>"[FILTERED]", "remember_me"=>"1"}, "commit"=>"Log in"}
  Rendering /home/james/.rvm/gems/ruby-2.4.4/gems/devise-4.6.1/app/views/devise/sessions/new.html.erb within layouts/application
  Rendered /home/james/.rvm/gems/ruby-2.4.4/gems/devise-4.6.1/app/views/devise/shared/_links.html.erb (0.6ms)
  Rendered /home/james/.rvm/gems/ruby-2.4.4/gems/devise-4.6.1/app/views/devise/sessions/new.html.erb within layouts/application (3.0ms)
Completed 200 OK in 147ms (Views: 25.2ms | ActiveRecord: 0.0ms)


Started GET "/" for 127.0.0.1 at 2019-03-11 22:12:27 +0000
Processing by HomepageController#home as HTML
Completed 401 Unauthorized in 0ms (ActiveRecord: 0.0ms)


Started GET "/users/sign_in" for 127.0.0.1 at 2019-03-11 22:12:27 +0000
Processing by Devise::SessionsController#new as HTML
  Rendering /home/james/.rvm/gems/ruby-2.4.4/gems/devise-4.6.1/app/views/devise/sessions/new.html.erb within layouts/application
  Rendered /home/james/.rvm/gems/ruby-2.4.4/gems/devise-4.6.1/app/views/devise/shared/_links.html.erb (0.7ms)
  Rendered /home/james/.rvm/gems/ruby-2.4.4/gems/devise-4.6.1/app/views/devise/sessions/new.html.erb within layouts/application (4.0ms)
Completed 200 OK in 27ms (Views: 26.6ms | ActiveRecord: 0.0ms)


Started POST "/users/sign_in" for 127.0.0.1 at 2019-03-11 22:12:29 +0000
Processing by Devise::SessionsController#create as HTML
  Parameters: {"utf8"=>"", "authenticity_token"=>"i3NNY6eIPKin0o6BmMbWMDWUOPdndPEt7LkE44QkshQTczZwzschTSbfZvYOMgL1D5X6F9dsaHQpk1SN1YRagA==", "user"=>{"email"=>"jacotcher1@sheffield.ac.uk", "password"=>"[FILTERED]", "remember_me"=>"0"}, "commit"=>"Log in"}
  [1m[36mUser Load (16.9ms)[0m  [1m[34mSELECT  "users".* FROM "users" WHERE "users"."email" = $1 ORDER BY "users"."id" ASC LIMIT $2[0m  [["email", "jacotcher1@sheffield.ac.uk"], ["LIMIT", 1]]
   bin/rails:9
Completed 401 Unauthorized in 19ms (ActiveRecord: 16.9ms)


Processing by Devise::SessionsController#new as HTML
  Parameters: {"utf8"=>"", "authenticity_token"=>"i3NNY6eIPKin0o6BmMbWMDWUOPdndPEt7LkE44QkshQTczZwzschTSbfZvYOMgL1D5X6F9dsaHQpk1SN1YRagA==", "user"=>{"email"=>"jacotcher1@sheffield.ac.uk", "password"=>"[FILTERED]", "remember_me"=>"0"}, "commit"=>"Log in"}
  Rendering /home/james/.rvm/gems/ruby-2.4.4/gems/devise-4.6.1/app/views/devise/sessions/new.html.erb within layouts/application
  Rendered /home/james/.rvm/gems/ruby-2.4.4/gems/devise-4.6.1/app/views/devise/shared/_links.html.erb (0.7ms)
  Rendered /home/james/.rvm/gems/ruby-2.4.4/gems/devise-4.6.1/app/views/devise/sessions/new.html.erb within layouts/application (3.1ms)
Completed 200 OK in 158ms (Views: 30.9ms | ActiveRecord: 0.0ms)


Started GET "/users/sign_up" for 127.0.0.1 at 2019-03-11 22:12:31 +0000
Processing by Devise::RegistrationsController#new as HTML
  Rendering /home/james/.rvm/gems/ruby-2.4.4/gems/devise-4.6.1/app/views/devise/registrations/new.html.erb within layouts/application
  Rendered /home/james/.rvm/gems/ruby-2.4.4/gems/devise-4.6.1/app/views/devise/shared/_error_messages.html.erb (0.8ms)
  Rendered /home/james/.rvm/gems/ruby-2.4.4/gems/devise-4.6.1/app/views/devise/shared/_links.html.erb (1.5ms)
  Rendered /home/james/.rvm/gems/ruby-2.4.4/gems/devise-4.6.1/app/views/devise/registrations/new.html.erb within layouts/application (9.4ms)
Completed 200 OK in 42ms (Views: 40.9ms | ActiveRecord: 0.0ms)


Started POST "/users" for 127.0.0.1 at 2019-03-11 22:12:43 +0000
Processing by Devise::RegistrationsController#create as HTML
  Parameters: {"utf8"=>"", "authenticity_token"=>"bneKYE/c2QVRHVvGRAtMGRRJACKucCLcHKNsMAwGjzkNfZ9BJU6LLMfbpycgVCmP0WvYJTeo6nSbMBDd4IaISQ==", "user"=>{"email"=>"jamiecotcher@yahoo.co.uk", "password"=>"[FILTERED]", "password_confirmation"=>"[FILTERED]"}, "commit"=>"Sign up"}
  [1m[35m (17.3ms)[0m  [1m[35mBEGIN[0m
   bin/rails:9
  [1m[36mUser Exists (17.6ms)[0m  [1m[34mSELECT  1 AS one FROM "users" WHERE "users"."email" = $1 LIMIT $2[0m  [["email", "jamiecotcher@yahoo.co.uk"], ["LIMIT", 1]]
   bin/rails:9
  [1m[36mUser Create (22.0ms)[0m  [1m[32mINSERT INTO "users" ("email", "encrypted_password", "created_at", "updated_at") VALUES ($1, $2, $3, $4) RETURNING "id"[0m  [["email", "jamiecotcher@yahoo.co.uk"], ["encrypted_password", "$2a$11$QJlAFJ8TzYIRD8nr7Cj1YORrxYpcvEykSuGN3aJ4qw01MoZ6dOpR2"], ["created_at", "2019-03-11 22:12:43.360494"], ["updated_at", "2019-03-11 22:12:43.360494"]]
   bin/rails:9
  [1m[35m (19.8ms)[0m  [1m[35mCOMMIT[0m
   bin/rails:9
Redirected to http://localhost:3000/
Completed 302 Found in 315ms (ActiveRecord: 76.7ms)


Started GET "/" for 127.0.0.1 at 2019-03-11 22:12:43 +0000
Processing by HomepageController#home as HTML
  [1m[36mUser Load (18.1ms)[0m  [1m[34mSELECT  "users".* FROM "users" WHERE "users"."id" = $1 ORDER BY "users"."id" ASC LIMIT $2[0m  [["id", 1], ["LIMIT", 1]]
   bin/rails:9
  Rendering homepage/home.html.haml within layouts/application
  Rendered layouts/_header.html.haml (4.2ms)
  Rendered layouts/_footer.html.haml (6.7ms)
  Rendered homepage/home.html.haml within layouts/application (18.7ms)
Completed 200 OK in 76ms (Views: 49.6ms | ActiveRecord: 18.1ms)


